-------------------------------------------------------------------------------
Test set: org.apache.commons.cli.OptionGroupTest
-------------------------------------------------------------------------------
Tests run: 13, Failures: 0, Errors: 1, Skipped: 0, Time elapsed: 0.013 s <<< FAILURE! - in org.apache.commons.cli.OptionGroupTest
org.apache.commons.cli.OptionGroupTest.testTwoOptionsFromGroupWithProperties  Time elapsed: 0.003 s  <<< ERROR!
org.apache.commons.cli.AlreadySelectedException: The option 'd' was specified but an option from this group has already been selected: 'f'
	at org.apache.commons.cli.OptionGroup.setSelected(OptionGroup.java:105)
	at org.apache.commons.cli.Parser.updateRequiredOptions(Parser.java:421)
	at org.apache.commons.cli.Parser.processProperties(Parser.java:296)
	at org.apache.commons.cli.Parser.parse(Parser.java:241)
	at org.apache.commons.cli.Parser.parse(Parser.java:103)
	at org.apache.commons.cli.OptionGroupTest.__CLR4_5_25fddan1vz(OptionGroupTest.java:198)
	at org.apache.commons.cli.OptionGroupTest.testTwoOptionsFromGroupWithProperties(OptionGroupTest.java:192)
	at sun.reflect.NativeMethodAccessorImpl.invoke0(Native Method)
	at sun.reflect.NativeMethodAccessorImpl.invoke(NativeMethodAccessorImpl.java:62)
	at sun.reflect.DelegatingMethodAccessorImpl.invoke(DelegatingMethodAccessorImpl.java:43)
	at java.lang.reflect.Method.invoke(Method.java:498)
	at junit.framework.TestCase.runTest(TestCase.java:164)
	at junit.framework.TestCase.runBare(TestCase.java:130)
	at junit.framework.TestResult$1.protect(TestResult.java:106)
	at junit.framework.TestResult.runProtected(TestResult.java:124)
	at junit.framework.TestResult.run(TestResult.java:109)
	at junit.framework.TestCase.run(TestCase.java:120)
	at junit.framework.TestSuite.runTest(TestSuite.java:230)
	at junit.framework.TestSuite.run(TestSuite.java:225)
	at sun.reflect.NativeMethodAccessorImpl.invoke0(Native Method)
	at sun.reflect.NativeMethodAccessorImpl.invoke(NativeMethodAccessorImpl.java:62)
	at sun.reflect.DelegatingMethodAccessorImpl.invoke(DelegatingMethodAccessorImpl.java:43)
	at java.lang.reflect.Method.invoke(Method.java:498)
	at org.apache.maven.surefire.junit.JUnitTestSetExecutor.execute(JUnitTestSetExecutor.java:81)
	at org.apache.maven.surefire.junit.JUnit3Provider.executeTestSet(JUnit3Provider.java:131)
	at org.apache.maven.surefire.junit.JUnit3Provider.invoke(JUnit3Provider.java:93)
	at org.apache.maven.surefire.booter.ForkedBooter.runSuitesInProcess(ForkedBooter.java:385)
	at org.apache.maven.surefire.booter.ForkedBooter.execute(ForkedBooter.java:162)
	at org.apache.maven.surefire.booter.ForkedBooter.run(ForkedBooter.java:507)
	at org.apache.maven.surefire.booter.ForkedBooter.main(ForkedBooter.java:495)

