Running ant (compile.tests)................................................ FAIL
Executed command:  cd /Users/sanjitkumar/personal_projects/CollegeIllinois/SoftwareEngineeringPrinciples/milestone3/project_repo/defects4j/Compress_6/Patched-Version && /Users/sanjitkumar/personal_projects/CollegeIllinois/SoftwareEngineeringPrinciples/milestone1/defects4j/major/bin/ant -f /Users/sanjitkumar/personal_projects/CollegeIllinois/SoftwareEngineeringPrinciples/milestone1/defects4j/framework/projects/defects4j.build.xml -Dd4j.home=/Users/sanjitkumar/personal_projects/CollegeIllinois/SoftwareEngineeringPrinciples/milestone1/defects4j -Dd4j.dir.projects=/Users/sanjitkumar/personal_projects/CollegeIllinois/SoftwareEngineeringPrinciples/milestone1/defects4j/framework/projects -Dbasedir=/Users/sanjitkumar/personal_projects/CollegeIllinois/SoftwareEngineeringPrinciples/milestone3/project_repo/defects4j/Compress_6/Patched-Version -Dbuild.compiler=javac1.7  compile.tests 2>&1
Java HotSpot(TM) 64-Bit Server VM warning: ignoring option MaxPermSize=1G; support was removed in 8.0
Buildfile: /Users/sanjitkumar/personal_projects/CollegeIllinois/SoftwareEngineeringPrinciples/milestone1/defects4j/framework/projects/defects4j.build.xml

test-offline:

get-deps:

commons-compress-from-maven.compile:
    [javac] /Users/sanjitkumar/personal_projects/CollegeIllinois/SoftwareEngineeringPrinciples/milestone3/project_repo/defects4j/Compress_6/Patched-Version/maven-build.xml:74: warning: 'includeantruntime' was not set, defaulting to build.sysclasspath=last; set to false for repeatable builds

compile:

commons-compress-from-maven.compile-tests:
    [javac] /Users/sanjitkumar/personal_projects/CollegeIllinois/SoftwareEngineeringPrinciples/milestone3/project_repo/defects4j/Compress_6/Patched-Version/maven-build.xml:107: warning: 'includeantruntime' was not set, defaulting to build.sysclasspath=last; set to false for repeatable builds
    [javac] Compiling 38 source files to /Users/sanjitkumar/personal_projects/CollegeIllinois/SoftwareEngineeringPrinciples/milestone3/project_repo/defects4j/Compress_6/Patched-Version/target/test-classes
    [javac] warning: [options] bootstrap class path not set in conjunction with -source 1.4
    [javac] /Users/sanjitkumar/personal_projects/CollegeIllinois/SoftwareEngineeringPrinciples/milestone3/project_repo/defects4j/Compress_6/Patched-Version/src/test/java/org/apache/commons/compress/ErrorTest.java:6: error: annotations are not supported in -source 1.4
    [javac] @RunWith(Suite.class)
    [javac]  ^
    [javac]   (use -source 5 or higher to enable annotations)
    [javac] /Users/sanjitkumar/personal_projects/CollegeIllinois/SoftwareEngineeringPrinciples/milestone3/project_repo/defects4j/Compress_6/Patched-Version/src/test/java/org/apache/commons/compress/ErrorTest0.java:7: error: annotations are not supported in -source 1.4
    [javac] @FixMethodOrder(MethodSorters.NAME_ASCENDING)
    [javac]  ^
    [javac]   (use -source 5 or higher to enable annotations)
    [javac] /Users/sanjitkumar/personal_projects/CollegeIllinois/SoftwareEngineeringPrinciples/milestone3/project_repo/defects4j/Compress_6/Patched-Version/src/test/java/org/apache/commons/compress/RegressionTest.java:6: error: annotations are not supported in -source 1.4
    [javac] @RunWith(Suite.class)
    [javac]  ^
    [javac]   (use -source 5 or higher to enable annotations)
    [javac] /Users/sanjitkumar/personal_projects/CollegeIllinois/SoftwareEngineeringPrinciples/milestone3/project_repo/defects4j/Compress_6/Patched-Version/src/test/java/org/apache/commons/compress/RegressionTest0.java:7: error: annotations are not supported in -source 1.4
    [javac] @FixMethodOrder(MethodSorters.NAME_ASCENDING)
    [javac]  ^
    [javac]   (use -source 5 or higher to enable annotations)
    [javac] /Users/sanjitkumar/personal_projects/CollegeIllinois/SoftwareEngineeringPrinciples/milestone3/project_repo/defects4j/Compress_6/Patched-Version/src/test/java/org/apache/commons/compress/RegressionTest0.java:33: error: generics are not supported in -source 1.4
    [javac]         java.lang.Class<?> wildcardClass6 = zipArchiveEntry1.getClass();
    [javac]                        ^
    [javac]   (use -source 5 or higher to enable generics)
    [javac] /Users/sanjitkumar/personal_projects/CollegeIllinois/SoftwareEngineeringPrinciples/milestone3/project_repo/defects4j/Compress_6/Patched-Version/src/test/java/org/apache/commons/compress/RegressionTest1.java:7: error: annotations are not supported in -source 1.4
    [javac] @FixMethodOrder(MethodSorters.NAME_ASCENDING)
    [javac]  ^
    [javac]   (use -source 5 or higher to enable annotations)
    [javac] /Users/sanjitkumar/personal_projects/CollegeIllinois/SoftwareEngineeringPrinciples/milestone3/project_repo/defects4j/Compress_6/Patched-Version/src/test/java/org/apache/commons/compress/RegressionTest1.java:60: error: generics are not supported in -source 1.4
    [javac]         java.lang.Class<?> wildcardClass14 = zipArchiveEntry1.getClass();
    [javac]                        ^
    [javac]   (use -source 5 or higher to enable generics)
    [javac] 7 errors
    [javac] 1 warning

BUILD FAILED
/Users/sanjitkumar/personal_projects/CollegeIllinois/SoftwareEngineeringPrinciples/milestone3/project_repo/defects4j/Compress_6/Patched-Version/maven-build.xml:107: Compile failed; see the compiler error output for details.

Total time: 1 second
Cannot compile test suite! at /Users/sanjitkumar/personal_projects/CollegeIllinois/SoftwareEngineeringPrinciples/milestone1/defects4j/framework/bin/d4j/d4j-test line 134.
Compilation failed in require at /Users/sanjitkumar/personal_projects/CollegeIllinois/SoftwareEngineeringPrinciples/milestone1/defects4j/framework/bin/defects4j line 195.
