Running ant (compile.tests)................................................ FAIL
Executed command:  cd /Users/sanjitkumar/personal_projects/CollegeIllinois/SoftwareEngineeringPrinciples/milestone3/project_repo/defects4j/Time_26/Buggy-Version && /Users/sanjitkumar/personal_projects/CollegeIllinois/SoftwareEngineeringPrinciples/milestone1/defects4j/major/bin/ant -f /Users/sanjitkumar/personal_projects/CollegeIllinois/SoftwareEngineeringPrinciples/milestone1/defects4j/framework/projects/defects4j.build.xml -Dd4j.home=/Users/sanjitkumar/personal_projects/CollegeIllinois/SoftwareEngineeringPrinciples/milestone1/defects4j -Dd4j.dir.projects=/Users/sanjitkumar/personal_projects/CollegeIllinois/SoftwareEngineeringPrinciples/milestone1/defects4j/framework/projects -Dbasedir=/Users/sanjitkumar/personal_projects/CollegeIllinois/SoftwareEngineeringPrinciples/milestone3/project_repo/defects4j/Time_26/Buggy-Version -Dbuild.compiler=javac1.7  compile.tests 2>&1
Java HotSpot(TM) 64-Bit Server VM warning: ignoring option MaxPermSize=1G; support was removed in 8.0
Buildfile: /Users/sanjitkumar/personal_projects/CollegeIllinois/SoftwareEngineeringPrinciples/milestone1/defects4j/framework/projects/defects4j.build.xml

init:
     [echo] -------- joda-time 2.0 --------

getjunit:

installjunit:

prepare:

static:

compile.main:

compile.zoneinfo:

joda-time.compile:

compile:
     [java] Writing zoneinfo files
     [java] Writing ZoneInfoMap

joda-time.compile.tests:
    [javac] Compiling 2 source files to /Users/sanjitkumar/personal_projects/CollegeIllinois/SoftwareEngineeringPrinciples/milestone3/project_repo/defects4j/Time_26/Buggy-Version/build/tests
    [javac] warning: /Library/Java/JavaVirtualMachines/jdk1.8.0_181.jdk/Contents/Home/lib/ct.sym(META-INF/sym/rt.jar/java/lang/Object.class): major version 52 is newer than 51, the highest major version supported by this compiler.
    [javac]   It is recommended that the compiler be upgraded.
    [javac] warning: /Library/Java/JavaVirtualMachines/jdk1.8.0_181.jdk/Contents/Home/lib/ct.sym(META-INF/sym/rt.jar/java/lang/Throwable.class): major version 52 is newer than 51, the highest major version supported by this compiler.
    [javac]   It is recommended that the compiler be upgraded.
    [javac] warning: /Library/Java/JavaVirtualMachines/jdk1.8.0_181.jdk/Contents/Home/lib/ct.sym(META-INF/sym/rt.jar/java/lang/annotation/Retention.class): major version 52 is newer than 51, the highest major version supported by this compiler.
    [javac]   It is recommended that the compiler be upgraded.
    [javac] warning: /Library/Java/JavaVirtualMachines/jdk1.8.0_181.jdk/Contents/Home/lib/ct.sym(META-INF/sym/rt.jar/java/lang/annotation/RetentionPolicy.class): major version 52 is newer than 51, the highest major version supported by this compiler.
    [javac]   It is recommended that the compiler be upgraded.
    [javac] warning: /Library/Java/JavaVirtualMachines/jdk1.8.0_181.jdk/Contents/Home/lib/ct.sym(META-INF/sym/rt.jar/java/lang/annotation/Target.class): major version 52 is newer than 51, the highest major version supported by this compiler.
    [javac]   It is recommended that the compiler be upgraded.
    [javac] warning: /Library/Java/JavaVirtualMachines/jdk1.8.0_181.jdk/Contents/Home/lib/ct.sym(META-INF/sym/rt.jar/java/lang/annotation/ElementType.class): major version 52 is newer than 51, the highest major version supported by this compiler.
    [javac]   It is recommended that the compiler be upgraded.
    [javac] warning: /Library/Java/JavaVirtualMachines/jdk1.8.0_181.jdk/Contents/Home/lib/ct.sym(META-INF/sym/rt.jar/java/lang/annotation/Annotation.class): major version 52 is newer than 51, the highest major version supported by this compiler.
    [javac]   It is recommended that the compiler be upgraded.
    [javac] warning: /Library/Java/JavaVirtualMachines/jdk1.8.0_181.jdk/Contents/Home/lib/ct.sym(META-INF/sym/rt.jar/java/lang/Class.class): major version 52 is newer than 51, the highest major version supported by this compiler.
    [javac]   It is recommended that the compiler be upgraded.
    [javac] /Library/Java/JavaVirtualMachines/jdk1.8.0_181.jdk/Contents/Home/lib/ct.sym(META-INF/sym/rt.jar/java/lang/Object.class): warning: Cannot find annotation method 'value()' in type 'Profile+Annotation': class file for jdk.Profile+Annotation not found
    [javac] /Library/Java/JavaVirtualMachines/jdk1.8.0_181.jdk/Contents/Home/lib/ct.sym(META-INF/sym/rt.jar/java/lang/Throwable.class): warning: Cannot find annotation method 'value()' in type 'Profile+Annotation'
    [javac] /Library/Java/JavaVirtualMachines/jdk1.8.0_181.jdk/Contents/Home/lib/ct.sym(META-INF/sym/rt.jar/java/lang/annotation/Retention.class): warning: Cannot find annotation method 'value()' in type 'Profile+Annotation'
    [javac] /Library/Java/JavaVirtualMachines/jdk1.8.0_181.jdk/Contents/Home/lib/ct.sym(META-INF/sym/rt.jar/java/lang/annotation/RetentionPolicy.class): warning: Cannot find annotation method 'value()' in type 'Profile+Annotation'
    [javac] /Library/Java/JavaVirtualMachines/jdk1.8.0_181.jdk/Contents/Home/lib/ct.sym(META-INF/sym/rt.jar/java/lang/annotation/Target.class): warning: Cannot find annotation method 'value()' in type 'Profile+Annotation'
    [javac] /Library/Java/JavaVirtualMachines/jdk1.8.0_181.jdk/Contents/Home/lib/ct.sym(META-INF/sym/rt.jar/java/lang/annotation/ElementType.class): warning: Cannot find annotation method 'value()' in type 'Profile+Annotation'
    [javac] /Library/Java/JavaVirtualMachines/jdk1.8.0_181.jdk/Contents/Home/lib/ct.sym(META-INF/sym/rt.jar/java/lang/annotation/Annotation.class): warning: Cannot find annotation method 'value()' in type 'Profile+Annotation'
    [javac] /Library/Java/JavaVirtualMachines/jdk1.8.0_181.jdk/Contents/Home/lib/ct.sym(META-INF/sym/rt.jar/java/lang/Class.class): warning: Cannot find annotation method 'value()' in type 'Profile+Annotation'
    [javac] warning: /Library/Java/JavaVirtualMachines/jdk1.8.0_181.jdk/Contents/Home/lib/ct.sym(META-INF/sym/rt.jar/java/lang/AutoCloseable.class): major version 52 is newer than 51, the highest major version supported by this compiler.
    [javac]   It is recommended that the compiler be upgraded.
    [javac] /Library/Java/JavaVirtualMachines/jdk1.8.0_181.jdk/Contents/Home/lib/ct.sym(META-INF/sym/rt.jar/java/lang/AutoCloseable.class): warning: Cannot find annotation method 'value()' in type 'Profile+Annotation'
    [javac] warning: /Library/Java/JavaVirtualMachines/jdk1.8.0_181.jdk/Contents/Home/lib/ct.sym(META-INF/sym/rt.jar/java/lang/System.class): major version 52 is newer than 51, the highest major version supported by this compiler.
    [javac]   It is recommended that the compiler be upgraded.
    [javac] /Library/Java/JavaVirtualMachines/jdk1.8.0_181.jdk/Contents/Home/lib/ct.sym(META-INF/sym/rt.jar/java/lang/System.class): warning: Cannot find annotation method 'value()' in type 'Profile+Annotation'
    [javac] warning: /Library/Java/JavaVirtualMachines/jdk1.8.0_181.jdk/Contents/Home/lib/ct.sym(META-INF/sym/rt.jar/java/io/PrintStream.class): major version 52 is newer than 51, the highest major version supported by this compiler.
    [javac]   It is recommended that the compiler be upgraded.
    [javac] /Library/Java/JavaVirtualMachines/jdk1.8.0_181.jdk/Contents/Home/lib/ct.sym(META-INF/sym/rt.jar/java/io/PrintStream.class): warning: Cannot find annotation method 'value()' in type 'Profile+Annotation'
    [javac] warning: /Library/Java/JavaVirtualMachines/jdk1.8.0_181.jdk/Contents/Home/lib/ct.sym(META-INF/sym/rt.jar/java/lang/String.class): major version 52 is newer than 51, the highest major version supported by this compiler.
    [javac]   It is recommended that the compiler be upgraded.
    [javac] /Library/Java/JavaVirtualMachines/jdk1.8.0_181.jdk/Contents/Home/lib/ct.sym(META-INF/sym/rt.jar/java/lang/String.class): warning: Cannot find annotation method 'value()' in type 'Profile+Annotation'
    [javac] warning: /Library/Java/JavaVirtualMachines/jdk1.8.0_181.jdk/Contents/Home/lib/ct.sym(META-INF/sym/rt.jar/java/io/FilterOutputStream.class): major version 52 is newer than 51, the highest major version supported by this compiler.
    [javac]   It is recommended that the compiler be upgraded.
    [javac] /Library/Java/JavaVirtualMachines/jdk1.8.0_181.jdk/Contents/Home/lib/ct.sym(META-INF/sym/rt.jar/java/io/FilterOutputStream.class): warning: Cannot find annotation method 'value()' in type 'Profile+Annotation'
    [javac] warning: /Library/Java/JavaVirtualMachines/jdk1.8.0_181.jdk/Contents/Home/lib/ct.sym(META-INF/sym/rt.jar/java/io/OutputStream.class): major version 52 is newer than 51, the highest major version supported by this compiler.
    [javac]   It is recommended that the compiler be upgraded.
    [javac] /Library/Java/JavaVirtualMachines/jdk1.8.0_181.jdk/Contents/Home/lib/ct.sym(META-INF/sym/rt.jar/java/io/OutputStream.class): warning: Cannot find annotation method 'value()' in type 'Profile+Annotation'
    [javac] warning: /Library/Java/JavaVirtualMachines/jdk1.8.0_181.jdk/Contents/Home/lib/ct.sym(META-INF/sym/rt.jar/java/util/Locale.class): major version 52 is newer than 51, the highest major version supported by this compiler.
    [javac]   It is recommended that the compiler be upgraded.
    [javac] /Library/Java/JavaVirtualMachines/jdk1.8.0_181.jdk/Contents/Home/lib/ct.sym(META-INF/sym/rt.jar/java/util/Locale.class): warning: Cannot find annotation method 'value()' in type 'Profile+Annotation'
    [javac] warning: /Library/Java/JavaVirtualMachines/jdk1.8.0_181.jdk/Contents/Home/lib/ct.sym(META-INF/sym/rt.jar/java/io/Serializable.class): major version 52 is newer than 51, the highest major version supported by this compiler.
    [javac]   It is recommended that the compiler be upgraded.
    [javac] /Library/Java/JavaVirtualMachines/jdk1.8.0_181.jdk/Contents/Home/lib/ct.sym(META-INF/sym/rt.jar/java/io/Serializable.class): warning: Cannot find annotation method 'value()' in type 'Profile+Annotation'
    [javac] warning: /Library/Java/JavaVirtualMachines/jdk1.8.0_181.jdk/Contents/Home/lib/ct.sym(META-INF/sym/rt.jar/java/lang/Math.class): major version 52 is newer than 51, the highest major version supported by this compiler.
    [javac]   It is recommended that the compiler be upgraded.
    [javac] /Library/Java/JavaVirtualMachines/jdk1.8.0_181.jdk/Contents/Home/lib/ct.sym(META-INF/sym/rt.jar/java/lang/Math.class): warning: Cannot find annotation method 'value()' in type 'Profile+Annotation'
    [javac] warning: /Library/Java/JavaVirtualMachines/jdk1.8.0_181.jdk/Contents/Home/lib/ct.sym(META-INF/sym/rt.jar/java/lang/Comparable.class): major version 52 is newer than 51, the highest major version supported by this compiler.
    [javac]   It is recommended that the compiler be upgraded.
    [javac] /Library/Java/JavaVirtualMachines/jdk1.8.0_181.jdk/Contents/Home/lib/ct.sym(META-INF/sym/rt.jar/java/lang/Comparable.class): warning: Cannot find annotation method 'value()' in type 'Profile+Annotation'
    [javac] /Users/sanjitkumar/personal_projects/CollegeIllinois/SoftwareEngineeringPrinciples/milestone3/project_repo/defects4j/Time_26/Buggy-Version/src/test/java/org/joda/time/field/ErrorTest0.java:296: error: cannot find symbol
    [javac]         org.joda.time.MonthDay monthDay14 = org.joda.time.MonthDay.now((org.joda.time.Chronology) gregorianChronology7);
    [javac]                                                                   ^
    [javac]   symbol:   method now(Chronology)
    [javac]   location: class MonthDay
    [javac] /Users/sanjitkumar/personal_projects/CollegeIllinois/SoftwareEngineeringPrinciples/milestone3/project_repo/defects4j/Time_26/Buggy-Version/src/test/java/org/joda/time/field/ErrorTest0.java:842: error: cannot find symbol
    [javac]         org.joda.time.MonthDay monthDay16 = org.joda.time.MonthDay.now((org.joda.time.Chronology) gregorianChronology11);
    [javac]                                                                   ^
    [javac]   symbol:   method now(Chronology)
    [javac]   location: class MonthDay
    [javac] Note: /Users/sanjitkumar/personal_projects/CollegeIllinois/SoftwareEngineeringPrinciples/milestone3/project_repo/defects4j/Time_26/Buggy-Version/src/test/java/org/joda/time/field/ErrorTest0.java uses or overrides a deprecated API.
    [javac] Note: Recompile with -Xlint:deprecation for details.
    [javac] 2 errors
    [javac] 36 warnings

BUILD FAILED
/Users/sanjitkumar/personal_projects/CollegeIllinois/SoftwareEngineeringPrinciples/milestone3/project_repo/defects4j/Time_26/Buggy-Version/build.xml:235: Compile failed; see the compiler error output for details.

Total time: 4 seconds
Cannot compile test suite! at /Users/sanjitkumar/personal_projects/CollegeIllinois/SoftwareEngineeringPrinciples/milestone1/defects4j/framework/bin/d4j/d4j-test line 134.
Compilation failed in require at /Users/sanjitkumar/personal_projects/CollegeIllinois/SoftwareEngineeringPrinciples/milestone1/defects4j/framework/bin/defects4j line 195.
