Running ant (compile.tests)................................................ FAIL
Executed command:  cd /Users/sanjitkumar/personal_projects/CollegeIllinois/SoftwareEngineeringPrinciples/milestone3/project_repo/defects4j/Jsoup_7/Buggy-Version && /Users/sanjitkumar/personal_projects/CollegeIllinois/SoftwareEngineeringPrinciples/milestone1/defects4j/major/bin/ant -f /Users/sanjitkumar/personal_projects/CollegeIllinois/SoftwareEngineeringPrinciples/milestone1/defects4j/framework/projects/defects4j.build.xml -Dd4j.home=/Users/sanjitkumar/personal_projects/CollegeIllinois/SoftwareEngineeringPrinciples/milestone1/defects4j -Dd4j.dir.projects=/Users/sanjitkumar/personal_projects/CollegeIllinois/SoftwareEngineeringPrinciples/milestone1/defects4j/framework/projects -Dbasedir=/Users/sanjitkumar/personal_projects/CollegeIllinois/SoftwareEngineeringPrinciples/milestone3/project_repo/defects4j/Jsoup_7/Buggy-Version -Dbuild.compiler=javac1.7  compile.tests 2>&1
Java HotSpot(TM) 64-Bit Server VM warning: ignoring option MaxPermSize=1G; support was removed in 8.0
Buildfile: /Users/sanjitkumar/personal_projects/CollegeIllinois/SoftwareEngineeringPrinciples/milestone1/defects4j/framework/projects/defects4j.build.xml

test-offline:

get-deps:

jsoup-from-maven.compile:
    [javac] /Users/sanjitkumar/personal_projects/CollegeIllinois/SoftwareEngineeringPrinciples/milestone3/project_repo/defects4j/Jsoup_7/Buggy-Version/maven-build.xml:74: warning: 'includeantruntime' was not set, defaulting to build.sysclasspath=last; set to false for repeatable builds

compile:

jsoup-from-maven.compile-tests:
    [javac] /Users/sanjitkumar/personal_projects/CollegeIllinois/SoftwareEngineeringPrinciples/milestone3/project_repo/defects4j/Jsoup_7/Buggy-Version/maven-build.xml:100: warning: 'includeantruntime' was not set, defaulting to build.sysclasspath=last; set to false for repeatable builds
    [javac] Compiling 2 source files to /Users/sanjitkumar/personal_projects/CollegeIllinois/SoftwareEngineeringPrinciples/milestone3/project_repo/defects4j/Jsoup_7/Buggy-Version/target/test-classes
    [javac] warning: [options] bootstrap class path not set in conjunction with -source 1.5
    [javac] warning: /Library/Java/JavaVirtualMachines/jdk1.8.0_181.jdk/Contents/Home/lib/ct.sym(META-INF/sym/rt.jar/java/lang/Object.class): major version 52 is newer than 51, the highest major version supported by this compiler.
    [javac]   It is recommended that the compiler be upgraded.
    [javac] warning: /Library/Java/JavaVirtualMachines/jdk1.8.0_181.jdk/Contents/Home/lib/ct.sym(META-INF/sym/rt.jar/java/lang/Throwable.class): major version 52 is newer than 51, the highest major version supported by this compiler.
    [javac]   It is recommended that the compiler be upgraded.
    [javac] warning: /Library/Java/JavaVirtualMachines/jdk1.8.0_181.jdk/Contents/Home/lib/ct.sym(META-INF/sym/rt.jar/java/lang/annotation/Retention.class): major version 52 is newer than 51, the highest major version supported by this compiler.
    [javac]   It is recommended that the compiler be upgraded.
    [javac] warning: /Library/Java/JavaVirtualMachines/jdk1.8.0_181.jdk/Contents/Home/lib/ct.sym(META-INF/sym/rt.jar/java/lang/annotation/RetentionPolicy.class): major version 52 is newer than 51, the highest major version supported by this compiler.
    [javac]   It is recommended that the compiler be upgraded.
    [javac] warning: /Library/Java/JavaVirtualMachines/jdk1.8.0_181.jdk/Contents/Home/lib/ct.sym(META-INF/sym/rt.jar/java/lang/annotation/Target.class): major version 52 is newer than 51, the highest major version supported by this compiler.
    [javac]   It is recommended that the compiler be upgraded.
    [javac] warning: /Library/Java/JavaVirtualMachines/jdk1.8.0_181.jdk/Contents/Home/lib/ct.sym(META-INF/sym/rt.jar/java/lang/annotation/ElementType.class): major version 52 is newer than 51, the highest major version supported by this compiler.
    [javac]   It is recommended that the compiler be upgraded.
    [javac] warning: /Library/Java/JavaVirtualMachines/jdk1.8.0_181.jdk/Contents/Home/lib/ct.sym(META-INF/sym/rt.jar/java/lang/annotation/Annotation.class): major version 52 is newer than 51, the highest major version supported by this compiler.
    [javac]   It is recommended that the compiler be upgraded.
    [javac] warning: /Library/Java/JavaVirtualMachines/jdk1.8.0_181.jdk/Contents/Home/lib/ct.sym(META-INF/sym/rt.jar/java/lang/Class.class): major version 52 is newer than 51, the highest major version supported by this compiler.
    [javac]   It is recommended that the compiler be upgraded.
    [javac] /Library/Java/JavaVirtualMachines/jdk1.8.0_181.jdk/Contents/Home/lib/ct.sym(META-INF/sym/rt.jar/java/lang/Object.class): warning: Cannot find annotation method 'value()' in type 'Profile+Annotation': class file for jdk.Profile+Annotation not found
    [javac] /Library/Java/JavaVirtualMachines/jdk1.8.0_181.jdk/Contents/Home/lib/ct.sym(META-INF/sym/rt.jar/java/lang/Throwable.class): warning: Cannot find annotation method 'value()' in type 'Profile+Annotation'
    [javac] /Library/Java/JavaVirtualMachines/jdk1.8.0_181.jdk/Contents/Home/lib/ct.sym(META-INF/sym/rt.jar/java/lang/annotation/Retention.class): warning: Cannot find annotation method 'value()' in type 'Profile+Annotation'
    [javac] /Library/Java/JavaVirtualMachines/jdk1.8.0_181.jdk/Contents/Home/lib/ct.sym(META-INF/sym/rt.jar/java/lang/annotation/RetentionPolicy.class): warning: Cannot find annotation method 'value()' in type 'Profile+Annotation'
    [javac] /Library/Java/JavaVirtualMachines/jdk1.8.0_181.jdk/Contents/Home/lib/ct.sym(META-INF/sym/rt.jar/java/lang/annotation/Target.class): warning: Cannot find annotation method 'value()' in type 'Profile+Annotation'
    [javac] /Library/Java/JavaVirtualMachines/jdk1.8.0_181.jdk/Contents/Home/lib/ct.sym(META-INF/sym/rt.jar/java/lang/annotation/ElementType.class): warning: Cannot find annotation method 'value()' in type 'Profile+Annotation'
    [javac] /Library/Java/JavaVirtualMachines/jdk1.8.0_181.jdk/Contents/Home/lib/ct.sym(META-INF/sym/rt.jar/java/lang/annotation/Annotation.class): warning: Cannot find annotation method 'value()' in type 'Profile+Annotation'
    [javac] /Library/Java/JavaVirtualMachines/jdk1.8.0_181.jdk/Contents/Home/lib/ct.sym(META-INF/sym/rt.jar/java/lang/Class.class): warning: Cannot find annotation method 'value()' in type 'Profile+Annotation'
    [javac] warning: /Library/Java/JavaVirtualMachines/jdk1.8.0_181.jdk/Contents/Home/lib/ct.sym(META-INF/sym/rt.jar/java/lang/AutoCloseable.class): major version 52 is newer than 51, the highest major version supported by this compiler.
    [javac]   It is recommended that the compiler be upgraded.
    [javac] /Library/Java/JavaVirtualMachines/jdk1.8.0_181.jdk/Contents/Home/lib/ct.sym(META-INF/sym/rt.jar/java/lang/AutoCloseable.class): warning: Cannot find annotation method 'value()' in type 'Profile+Annotation'
    [javac] warning: /Library/Java/JavaVirtualMachines/jdk1.8.0_181.jdk/Contents/Home/lib/ct.sym(META-INF/sym/rt.jar/java/lang/System.class): major version 52 is newer than 51, the highest major version supported by this compiler.
    [javac]   It is recommended that the compiler be upgraded.
    [javac] /Library/Java/JavaVirtualMachines/jdk1.8.0_181.jdk/Contents/Home/lib/ct.sym(META-INF/sym/rt.jar/java/lang/System.class): warning: Cannot find annotation method 'value()' in type 'Profile+Annotation'
    [javac] warning: /Library/Java/JavaVirtualMachines/jdk1.8.0_181.jdk/Contents/Home/lib/ct.sym(META-INF/sym/rt.jar/java/io/PrintStream.class): major version 52 is newer than 51, the highest major version supported by this compiler.
    [javac]   It is recommended that the compiler be upgraded.
    [javac] /Library/Java/JavaVirtualMachines/jdk1.8.0_181.jdk/Contents/Home/lib/ct.sym(META-INF/sym/rt.jar/java/io/PrintStream.class): warning: Cannot find annotation method 'value()' in type 'Profile+Annotation'
    [javac] warning: /Library/Java/JavaVirtualMachines/jdk1.8.0_181.jdk/Contents/Home/lib/ct.sym(META-INF/sym/rt.jar/java/lang/String.class): major version 52 is newer than 51, the highest major version supported by this compiler.
    [javac]   It is recommended that the compiler be upgraded.
    [javac] /Library/Java/JavaVirtualMachines/jdk1.8.0_181.jdk/Contents/Home/lib/ct.sym(META-INF/sym/rt.jar/java/lang/String.class): warning: Cannot find annotation method 'value()' in type 'Profile+Annotation'
    [javac] warning: /Library/Java/JavaVirtualMachines/jdk1.8.0_181.jdk/Contents/Home/lib/ct.sym(META-INF/sym/rt.jar/java/io/FilterOutputStream.class): major version 52 is newer than 51, the highest major version supported by this compiler.
    [javac]   It is recommended that the compiler be upgraded.
    [javac] /Library/Java/JavaVirtualMachines/jdk1.8.0_181.jdk/Contents/Home/lib/ct.sym(META-INF/sym/rt.jar/java/io/FilterOutputStream.class): warning: Cannot find annotation method 'value()' in type 'Profile+Annotation'
    [javac] warning: /Library/Java/JavaVirtualMachines/jdk1.8.0_181.jdk/Contents/Home/lib/ct.sym(META-INF/sym/rt.jar/java/io/OutputStream.class): major version 52 is newer than 51, the highest major version supported by this compiler.
    [javac]   It is recommended that the compiler be upgraded.
    [javac] /Library/Java/JavaVirtualMachines/jdk1.8.0_181.jdk/Contents/Home/lib/ct.sym(META-INF/sym/rt.jar/java/io/OutputStream.class): warning: Cannot find annotation method 'value()' in type 'Profile+Annotation'
    [javac] warning: /Library/Java/JavaVirtualMachines/jdk1.8.0_181.jdk/Contents/Home/lib/ct.sym(META-INF/sym/rt.jar/java/util/Locale.class): major version 52 is newer than 51, the highest major version supported by this compiler.
    [javac]   It is recommended that the compiler be upgraded.
    [javac] /Library/Java/JavaVirtualMachines/jdk1.8.0_181.jdk/Contents/Home/lib/ct.sym(META-INF/sym/rt.jar/java/util/Locale.class): warning: Cannot find annotation method 'value()' in type 'Profile+Annotation'
    [javac] /Users/sanjitkumar/personal_projects/CollegeIllinois/SoftwareEngineeringPrinciples/milestone3/project_repo/defects4j/Jsoup_7/Buggy-Version/src/test/java/org/jsoup/nodes/ErrorTest0.java:27: error: cannot find symbol
    [javac]         org.jsoup.parser.XmlTreeBuilder xmlTreeBuilder0 = new org.jsoup.parser.XmlTreeBuilder();
    [javac]                         ^
    [javac]   symbol:   class XmlTreeBuilder
    [javac]   location: package org.jsoup.parser
    [javac] /Users/sanjitkumar/personal_projects/CollegeIllinois/SoftwareEngineeringPrinciples/milestone3/project_repo/defects4j/Jsoup_7/Buggy-Version/src/test/java/org/jsoup/nodes/ErrorTest0.java:27: error: cannot find symbol
    [javac]         org.jsoup.parser.XmlTreeBuilder xmlTreeBuilder0 = new org.jsoup.parser.XmlTreeBuilder();
    [javac]                                                                               ^
    [javac]   symbol:   class XmlTreeBuilder
    [javac]   location: package org.jsoup.parser
    [javac] warning: /Library/Java/JavaVirtualMachines/jdk1.8.0_181.jdk/Contents/Home/lib/ct.sym(META-INF/sym/rt.jar/java/util/Map.class): major version 52 is newer than 51, the highest major version supported by this compiler.
    [javac]   It is recommended that the compiler be upgraded.
    [javac] /Library/Java/JavaVirtualMachines/jdk1.8.0_181.jdk/Contents/Home/lib/ct.sym(META-INF/sym/rt.jar/java/util/Map.class): warning: Cannot find annotation method 'value()' in type 'Profile+Annotation'
    [javac] /Users/sanjitkumar/personal_projects/CollegeIllinois/SoftwareEngineeringPrinciples/milestone3/project_repo/defects4j/Jsoup_7/Buggy-Version/src/test/java/org/jsoup/nodes/ErrorTest0.java:42: error: cannot find symbol
    [javac]         org.jsoup.nodes.Document.QuirksMode quirksMode7 = document4.quirksMode();
    [javac]                                 ^
    [javac]   symbol:   class QuirksMode
    [javac]   location: class Document
    [javac] /Users/sanjitkumar/personal_projects/CollegeIllinois/SoftwareEngineeringPrinciples/milestone3/project_repo/defects4j/Jsoup_7/Buggy-Version/src/test/java/org/jsoup/nodes/ErrorTest0.java:42: error: cannot find symbol
    [javac]         org.jsoup.nodes.Document.QuirksMode quirksMode7 = document4.quirksMode();
    [javac]                                                                    ^
    [javac]   symbol:   method quirksMode()
    [javac]   location: variable document4 of type Document
    [javac] /Users/sanjitkumar/personal_projects/CollegeIllinois/SoftwareEngineeringPrinciples/milestone3/project_repo/defects4j/Jsoup_7/Buggy-Version/src/test/java/org/jsoup/nodes/ErrorTest0.java:52: error: cannot find symbol
    [javac]         org.jsoup.parser.HtmlTreeBuilder htmlTreeBuilder0 = new org.jsoup.parser.HtmlTreeBuilder();
    [javac]                         ^
    [javac]   symbol:   class HtmlTreeBuilder
    [javac]   location: package org.jsoup.parser
    [javac] /Users/sanjitkumar/personal_projects/CollegeIllinois/SoftwareEngineeringPrinciples/milestone3/project_repo/defects4j/Jsoup_7/Buggy-Version/src/test/java/org/jsoup/nodes/ErrorTest0.java:52: error: cannot find symbol
    [javac]         org.jsoup.parser.HtmlTreeBuilder htmlTreeBuilder0 = new org.jsoup.parser.HtmlTreeBuilder();
    [javac]                                                                                 ^
    [javac]   symbol:   class HtmlTreeBuilder
    [javac]   location: package org.jsoup.parser
    [javac] /Users/sanjitkumar/personal_projects/CollegeIllinois/SoftwareEngineeringPrinciples/milestone3/project_repo/defects4j/Jsoup_7/Buggy-Version/src/test/java/org/jsoup/nodes/ErrorTest0.java:63: error: cannot find symbol
    [javac]         org.jsoup.parser.HtmlTreeBuilder htmlTreeBuilder0 = new org.jsoup.parser.HtmlTreeBuilder();
    [javac]                         ^
    [javac]   symbol:   class HtmlTreeBuilder
    [javac]   location: package org.jsoup.parser
    [javac] /Users/sanjitkumar/personal_projects/CollegeIllinois/SoftwareEngineeringPrinciples/milestone3/project_repo/defects4j/Jsoup_7/Buggy-Version/src/test/java/org/jsoup/nodes/ErrorTest0.java:63: error: cannot find symbol
    [javac]         org.jsoup.parser.HtmlTreeBuilder htmlTreeBuilder0 = new org.jsoup.parser.HtmlTreeBuilder();
    [javac]                                                                                 ^
    [javac]   symbol:   class HtmlTreeBuilder
    [javac]   location: package org.jsoup.parser
    [javac] warning: /Library/Java/JavaVirtualMachines/jdk1.8.0_181.jdk/Contents/Home/lib/ct.sym(META-INF/sym/rt.jar/java/util/ArrayList.class): major version 52 is newer than 51, the highest major version supported by this compiler.
    [javac]   It is recommended that the compiler be upgraded.
    [javac] /Library/Java/JavaVirtualMachines/jdk1.8.0_181.jdk/Contents/Home/lib/ct.sym(META-INF/sym/rt.jar/java/util/ArrayList.class): warning: Cannot find annotation method 'value()' in type 'Profile+Annotation'
    [javac] /Users/sanjitkumar/personal_projects/CollegeIllinois/SoftwareEngineeringPrinciples/milestone3/project_repo/defects4j/Jsoup_7/Buggy-Version/src/test/java/org/jsoup/nodes/ErrorTest0.java:65: error: package org.jsoup.select.Evaluator does not exist
    [javac]         org.jsoup.select.Evaluator.IsNthLastOfType isNthLastOfType4 = new org.jsoup.select.Evaluator.IsNthLastOfType((int) (short) -1, (int) (short) 1);
    [javac]                                   ^
    [javac] /Users/sanjitkumar/personal_projects/CollegeIllinois/SoftwareEngineeringPrinciples/milestone3/project_repo/defects4j/Jsoup_7/Buggy-Version/src/test/java/org/jsoup/nodes/ErrorTest0.java:65: error: package org.jsoup.select.Evaluator does not exist
    [javac]         org.jsoup.select.Evaluator.IsNthLastOfType isNthLastOfType4 = new org.jsoup.select.Evaluator.IsNthLastOfType((int) (short) -1, (int) (short) 1);
    [javac]                                                                                                     ^
    [javac] /Users/sanjitkumar/personal_projects/CollegeIllinois/SoftwareEngineeringPrinciples/milestone3/project_repo/defects4j/Jsoup_7/Buggy-Version/src/test/java/org/jsoup/nodes/ErrorTest0.java:67: error: cannot find symbol
    [javac]         org.jsoup.select.Elements elements7 = org.jsoup.select.Selector.select((org.jsoup.select.Evaluator) isNthLastOfType4, (org.jsoup.nodes.Element) document6);
    [javac]                                                                                                 ^
    [javac]   symbol:   class Evaluator
    [javac]   location: package org.jsoup.select
    [javac] warning: /Library/Java/JavaVirtualMachines/jdk1.8.0_181.jdk/Contents/Home/lib/ct.sym(META-INF/sym/rt.jar/java/lang/Iterable.class): major version 52 is newer than 51, the highest major version supported by this compiler.
    [javac]   It is recommended that the compiler be upgraded.
    [javac] /Library/Java/JavaVirtualMachines/jdk1.8.0_181.jdk/Contents/Home/lib/ct.sym(META-INF/sym/rt.jar/java/lang/Iterable.class): warning: Cannot find annotation method 'value()' in type 'Profile+Annotation'
    [javac] /Users/sanjitkumar/personal_projects/CollegeIllinois/SoftwareEngineeringPrinciples/milestone3/project_repo/defects4j/Jsoup_7/Buggy-Version/src/test/java/org/jsoup/nodes/ErrorTest0.java:78: error: cannot find symbol
    [javac]         org.jsoup.parser.HtmlTreeBuilder htmlTreeBuilder0 = new org.jsoup.parser.HtmlTreeBuilder();
    [javac]                         ^
    [javac]   symbol:   class HtmlTreeBuilder
    [javac]   location: package org.jsoup.parser
    [javac] /Users/sanjitkumar/personal_projects/CollegeIllinois/SoftwareEngineeringPrinciples/milestone3/project_repo/defects4j/Jsoup_7/Buggy-Version/src/test/java/org/jsoup/nodes/ErrorTest0.java:78: error: cannot find symbol
    [javac]         org.jsoup.parser.HtmlTreeBuilder htmlTreeBuilder0 = new org.jsoup.parser.HtmlTreeBuilder();
    [javac]                                                                                 ^
    [javac]   symbol:   class HtmlTreeBuilder
    [javac]   location: package org.jsoup.parser
    [javac] /Users/sanjitkumar/personal_projects/CollegeIllinois/SoftwareEngineeringPrinciples/milestone3/project_repo/defects4j/Jsoup_7/Buggy-Version/src/test/java/org/jsoup/nodes/ErrorTest0.java:80: error: cannot find symbol
    [javac]         org.jsoup.parser.HtmlTreeBuilderState htmlTreeBuilderState2 = htmlTreeBuilder0.originalState();
    [javac]                         ^
    [javac]   symbol:   class HtmlTreeBuilderState
    [javac]   location: package org.jsoup.parser
    [javac] /Users/sanjitkumar/personal_projects/CollegeIllinois/SoftwareEngineeringPrinciples/milestone3/project_repo/defects4j/Jsoup_7/Buggy-Version/src/test/java/org/jsoup/nodes/ErrorTest0.java:92: error: cannot find symbol
    [javac]         org.jsoup.parser.HtmlTreeBuilder htmlTreeBuilder0 = new org.jsoup.parser.HtmlTreeBuilder();
    [javac]                         ^
    [javac]   symbol:   class HtmlTreeBuilder
    [javac]   location: package org.jsoup.parser
    [javac] /Users/sanjitkumar/personal_projects/CollegeIllinois/SoftwareEngineeringPrinciples/milestone3/project_repo/defects4j/Jsoup_7/Buggy-Version/src/test/java/org/jsoup/nodes/ErrorTest0.java:92: error: cannot find symbol
    [javac]         org.jsoup.parser.HtmlTreeBuilder htmlTreeBuilder0 = new org.jsoup.parser.HtmlTreeBuilder();
    [javac]                                                                                 ^
    [javac]   symbol:   class HtmlTreeBuilder
    [javac]   location: package org.jsoup.parser
    [javac] /Users/sanjitkumar/personal_projects/CollegeIllinois/SoftwareEngineeringPrinciples/milestone3/project_repo/defects4j/Jsoup_7/Buggy-Version/src/test/java/org/jsoup/nodes/ErrorTest0.java:94: error: cannot find symbol
    [javac]         org.jsoup.parser.HtmlTreeBuilderState htmlTreeBuilderState2 = htmlTreeBuilder0.originalState();
    [javac]                         ^
    [javac]   symbol:   class HtmlTreeBuilderState
    [javac]   location: package org.jsoup.parser
    [javac] /Users/sanjitkumar/personal_projects/CollegeIllinois/SoftwareEngineeringPrinciples/milestone3/project_repo/defects4j/Jsoup_7/Buggy-Version/src/test/java/org/jsoup/nodes/ErrorTest0.java:95: error: package org.jsoup.parser.Token does not exist
    [javac]         org.jsoup.parser.Token.EndTag endTag3 = new org.jsoup.parser.Token.EndTag();
    [javac]                               ^
    [javac] /Users/sanjitkumar/personal_projects/CollegeIllinois/SoftwareEngineeringPrinciples/milestone3/project_repo/defects4j/Jsoup_7/Buggy-Version/src/test/java/org/jsoup/nodes/ErrorTest0.java:95: error: package org.jsoup.parser.Token does not exist
    [javac]         org.jsoup.parser.Token.EndTag endTag3 = new org.jsoup.parser.Token.EndTag();
    [javac]                                                                           ^
    [javac] /Users/sanjitkumar/personal_projects/CollegeIllinois/SoftwareEngineeringPrinciples/milestone3/project_repo/defects4j/Jsoup_7/Buggy-Version/src/test/java/org/jsoup/nodes/ErrorTest0.java:97: error: package org.jsoup.parser.Token does not exist
    [javac]         org.jsoup.parser.Token.Tag tag5 = endTag3.reset();
    [javac]                               ^
    [javac] /Users/sanjitkumar/personal_projects/CollegeIllinois/SoftwareEngineeringPrinciples/milestone3/project_repo/defects4j/Jsoup_7/Buggy-Version/src/test/java/org/jsoup/nodes/ErrorTest0.java:101: error: cannot find symbol
    [javac]         boolean boolean9 = htmlTreeBuilder0.process((org.jsoup.parser.Token) tag5);
    [javac]                                                                      ^
    [javac]   symbol:   class Token
    [javac]   location: package org.jsoup.parser
    [javac] /Users/sanjitkumar/personal_projects/CollegeIllinois/SoftwareEngineeringPrinciples/milestone3/project_repo/defects4j/Jsoup_7/Buggy-Version/src/test/java/org/jsoup/nodes/ErrorTest0.java:108: error: cannot find symbol
    [javac]         org.jsoup.parser.HtmlTreeBuilder htmlTreeBuilder0 = new org.jsoup.parser.HtmlTreeBuilder();
    [javac]                         ^
    [javac]   symbol:   class HtmlTreeBuilder
    [javac]   location: package org.jsoup.parser
    [javac] /Users/sanjitkumar/personal_projects/CollegeIllinois/SoftwareEngineeringPrinciples/milestone3/project_repo/defects4j/Jsoup_7/Buggy-Version/src/test/java/org/jsoup/nodes/ErrorTest0.java:108: error: cannot find symbol
    [javac]         org.jsoup.parser.HtmlTreeBuilder htmlTreeBuilder0 = new org.jsoup.parser.HtmlTreeBuilder();
    [javac]                                                                                 ^
    [javac]   symbol:   class HtmlTreeBuilder
    [javac]   location: package org.jsoup.parser
    [javac] /Users/sanjitkumar/personal_projects/CollegeIllinois/SoftwareEngineeringPrinciples/milestone3/project_repo/defects4j/Jsoup_7/Buggy-Version/src/test/java/org/jsoup/nodes/ErrorTest0.java:110: error: package org.jsoup.select.Evaluator does not exist
    [javac]         org.jsoup.select.Evaluator.IsNthLastOfType isNthLastOfType4 = new org.jsoup.select.Evaluator.IsNthLastOfType((int) (short) -1, (int) (short) 1);
    [javac]                                   ^
    [javac] /Users/sanjitkumar/personal_projects/CollegeIllinois/SoftwareEngineeringPrinciples/milestone3/project_repo/defects4j/Jsoup_7/Buggy-Version/src/test/java/org/jsoup/nodes/ErrorTest0.java:110: error: package org.jsoup.select.Evaluator does not exist
    [javac]         org.jsoup.select.Evaluator.IsNthLastOfType isNthLastOfType4 = new org.jsoup.select.Evaluator.IsNthLastOfType((int) (short) -1, (int) (short) 1);
    [javac]                                                                                                     ^
    [javac] /Users/sanjitkumar/personal_projects/CollegeIllinois/SoftwareEngineeringPrinciples/milestone3/project_repo/defects4j/Jsoup_7/Buggy-Version/src/test/java/org/jsoup/nodes/ErrorTest0.java:112: error: cannot find symbol
    [javac]         org.jsoup.select.Elements elements7 = org.jsoup.select.Selector.select((org.jsoup.select.Evaluator) isNthLastOfType4, (org.jsoup.nodes.Element) document6);
    [javac]                                                                                                 ^
    [javac]   symbol:   class Evaluator
    [javac]   location: package org.jsoup.select
    [javac] /Users/sanjitkumar/personal_projects/CollegeIllinois/SoftwareEngineeringPrinciples/milestone3/project_repo/defects4j/Jsoup_7/Buggy-Version/src/test/java/org/jsoup/nodes/ErrorTest0.java:114: error: package org.jsoup.select.Evaluator does not exist
    [javac]         org.jsoup.select.Evaluator.IsNthLastOfType isNthLastOfType11 = new org.jsoup.select.Evaluator.IsNthLastOfType((int) (short) -1, (int) (short) 1);
    [javac]                                   ^
    [javac] /Users/sanjitkumar/personal_projects/CollegeIllinois/SoftwareEngineeringPrinciples/milestone3/project_repo/defects4j/Jsoup_7/Buggy-Version/src/test/java/org/jsoup/nodes/ErrorTest0.java:114: error: package org.jsoup.select.Evaluator does not exist
    [javac]         org.jsoup.select.Evaluator.IsNthLastOfType isNthLastOfType11 = new org.jsoup.select.Evaluator.IsNthLastOfType((int) (short) -1, (int) (short) 1);
    [javac]                                                                                                      ^
    [javac] /Users/sanjitkumar/personal_projects/CollegeIllinois/SoftwareEngineeringPrinciples/milestone3/project_repo/defects4j/Jsoup_7/Buggy-Version/src/test/java/org/jsoup/nodes/ErrorTest0.java:116: error: cannot find symbol
    [javac]         org.jsoup.select.Elements elements14 = org.jsoup.select.Selector.select((org.jsoup.select.Evaluator) isNthLastOfType11, (org.jsoup.nodes.Element) document13);
    [javac]                                                                                                  ^
    [javac]   symbol:   class Evaluator
    [javac]   location: package org.jsoup.select
    [javac] /Users/sanjitkumar/personal_projects/CollegeIllinois/SoftwareEngineeringPrinciples/milestone3/project_repo/defects4j/Jsoup_7/Buggy-Version/src/test/java/org/jsoup/nodes/ErrorTest0.java:118: error: cannot find symbol
    [javac]         org.jsoup.select.Elements elements17 = org.jsoup.select.Collector.collect((org.jsoup.select.Evaluator) isNthLastOfType11, (org.jsoup.nodes.Element) document16);
    [javac]                                                                                                    ^
    [javac]   symbol:   class Evaluator
    [javac]   location: package org.jsoup.select
    [javac] /Users/sanjitkumar/personal_projects/CollegeIllinois/SoftwareEngineeringPrinciples/milestone3/project_repo/defects4j/Jsoup_7/Buggy-Version/src/test/java/org/jsoup/nodes/ErrorTest0.java:119: error: cannot find symbol
    [javac]         boolean boolean18 = document6.is((org.jsoup.select.Evaluator) isNthLastOfType11);
    [javac]                                                           ^
    [javac]   symbol:   class Evaluator
    [javac]   location: package org.jsoup.select
    [javac] /Users/sanjitkumar/personal_projects/CollegeIllinois/SoftwareEngineeringPrinciples/milestone3/project_repo/defects4j/Jsoup_7/Buggy-Version/src/test/java/org/jsoup/nodes/ErrorTest0.java:128: error: cannot find symbol
    [javac]         org.jsoup.parser.HtmlTreeBuilder htmlTreeBuilder0 = new org.jsoup.parser.HtmlTreeBuilder();
    [javac]                         ^
    [javac]   symbol:   class HtmlTreeBuilder
    [javac]   location: package org.jsoup.parser
    [javac] /Users/sanjitkumar/personal_projects/CollegeIllinois/SoftwareEngineeringPrinciples/milestone3/project_repo/defects4j/Jsoup_7/Buggy-Version/src/test/java/org/jsoup/nodes/ErrorTest0.java:128: error: cannot find symbol
    [javac]         org.jsoup.parser.HtmlTreeBuilder htmlTreeBuilder0 = new org.jsoup.parser.HtmlTreeBuilder();
    [javac]                                                                                 ^
    [javac]   symbol:   class HtmlTreeBuilder
    [javac]   location: package org.jsoup.parser
    [javac] /Users/sanjitkumar/personal_projects/CollegeIllinois/SoftwareEngineeringPrinciples/milestone3/project_repo/defects4j/Jsoup_7/Buggy-Version/src/test/java/org/jsoup/nodes/ErrorTest0.java:130: error: cannot find symbol
    [javac]         org.jsoup.parser.HtmlTreeBuilderState htmlTreeBuilderState2 = htmlTreeBuilder0.originalState();
    [javac]                         ^
    [javac]   symbol:   class HtmlTreeBuilderState
    [javac]   location: package org.jsoup.parser
    [javac] warning: /Library/Java/JavaVirtualMachines/jdk1.8.0_181.jdk/Contents/Home/lib/ct.sym(META-INF/sym/rt.jar/java/lang/Byte.class): major version 52 is newer than 51, the highest major version supported by this compiler.
    [javac]   It is recommended that the compiler be upgraded.
    [javac] /Library/Java/JavaVirtualMachines/jdk1.8.0_181.jdk/Contents/Home/lib/ct.sym(META-INF/sym/rt.jar/java/lang/Byte.class): warning: Cannot find annotation method 'value()' in type 'Profile+Annotation'
    [javac] warning: /Library/Java/JavaVirtualMachines/jdk1.8.0_181.jdk/Contents/Home/lib/ct.sym(META-INF/sym/rt.jar/java/lang/Number.class): major version 52 is newer than 51, the highest major version supported by this compiler.
    [javac]   It is recommended that the compiler be upgraded.
    [javac] /Library/Java/JavaVirtualMachines/jdk1.8.0_181.jdk/Contents/Home/lib/ct.sym(META-INF/sym/rt.jar/java/lang/Number.class): warning: Cannot find annotation method 'value()' in type 'Profile+Annotation'
    [javac] /Users/sanjitkumar/personal_projects/CollegeIllinois/SoftwareEngineeringPrinciples/milestone3/project_repo/defects4j/Jsoup_7/Buggy-Version/src/test/java/org/jsoup/nodes/ErrorTest0.java:143: error: cannot find symbol
    [javac]         org.jsoup.parser.HtmlTreeBuilder htmlTreeBuilder0 = new org.jsoup.parser.HtmlTreeBuilder();
    [javac]                         ^
    [javac]   symbol:   class HtmlTreeBuilder
    [javac]   location: package org.jsoup.parser
    [javac] /Users/sanjitkumar/personal_projects/CollegeIllinois/SoftwareEngineeringPrinciples/milestone3/project_repo/defects4j/Jsoup_7/Buggy-Version/src/test/java/org/jsoup/nodes/ErrorTest0.java:143: error: cannot find symbol
    [javac]         org.jsoup.parser.HtmlTreeBuilder htmlTreeBuilder0 = new org.jsoup.parser.HtmlTreeBuilder();
    [javac]                                                                                 ^
    [javac]   symbol:   class HtmlTreeBuilder
    [javac]   location: package org.jsoup.parser
    [javac] /Users/sanjitkumar/personal_projects/CollegeIllinois/SoftwareEngineeringPrinciples/milestone3/project_repo/defects4j/Jsoup_7/Buggy-Version/src/test/java/org/jsoup/nodes/ErrorTest0.java:154: error: cannot find symbol
    [javac]         org.jsoup.parser.HtmlTreeBuilder htmlTreeBuilder0 = new org.jsoup.parser.HtmlTreeBuilder();
    [javac]                         ^
    [javac]   symbol:   class HtmlTreeBuilder
    [javac]   location: package org.jsoup.parser
    [javac] /Users/sanjitkumar/personal_projects/CollegeIllinois/SoftwareEngineeringPrinciples/milestone3/project_repo/defects4j/Jsoup_7/Buggy-Version/src/test/java/org/jsoup/nodes/ErrorTest0.java:154: error: cannot find symbol
    [javac]         org.jsoup.parser.HtmlTreeBuilder htmlTreeBuilder0 = new org.jsoup.parser.HtmlTreeBuilder();
    [javac]                                                                                 ^
    [javac]   symbol:   class HtmlTreeBuilder
    [javac]   location: package org.jsoup.parser
    [javac] /Users/sanjitkumar/personal_projects/CollegeIllinois/SoftwareEngineeringPrinciples/milestone3/project_repo/defects4j/Jsoup_7/Buggy-Version/src/test/java/org/jsoup/nodes/ErrorTest0.java:164: error: cannot find symbol
    [javac]         org.jsoup.parser.HtmlTreeBuilder htmlTreeBuilder0 = new org.jsoup.parser.HtmlTreeBuilder();
    [javac]                         ^
    [javac]   symbol:   class HtmlTreeBuilder
    [javac]   location: package org.jsoup.parser
    [javac] /Users/sanjitkumar/personal_projects/CollegeIllinois/SoftwareEngineeringPrinciples/milestone3/project_repo/defects4j/Jsoup_7/Buggy-Version/src/test/java/org/jsoup/nodes/ErrorTest0.java:164: error: cannot find symbol
    [javac]         org.jsoup.parser.HtmlTreeBuilder htmlTreeBuilder0 = new org.jsoup.parser.HtmlTreeBuilder();
    [javac]                                                                                 ^
    [javac]   symbol:   class HtmlTreeBuilder
    [javac]   location: package org.jsoup.parser
    [javac] /Users/sanjitkumar/personal_projects/CollegeIllinois/SoftwareEngineeringPrinciples/milestone3/project_repo/defects4j/Jsoup_7/Buggy-Version/src/test/java/org/jsoup/nodes/ErrorTest0.java:173: error: cannot find symbol
    [javac]         org.jsoup.parser.HtmlTreeBuilder htmlTreeBuilder0 = new org.jsoup.parser.HtmlTreeBuilder();
    [javac]                         ^
    [javac]   symbol:   class HtmlTreeBuilder
    [javac]   location: package org.jsoup.parser
    [javac] /Users/sanjitkumar/personal_projects/CollegeIllinois/SoftwareEngineeringPrinciples/milestone3/project_repo/defects4j/Jsoup_7/Buggy-Version/src/test/java/org/jsoup/nodes/ErrorTest0.java:173: error: cannot find symbol
    [javac]         org.jsoup.parser.HtmlTreeBuilder htmlTreeBuilder0 = new org.jsoup.parser.HtmlTreeBuilder();
    [javac]                                                                                 ^
    [javac]   symbol:   class HtmlTreeBuilder
    [javac]   location: package org.jsoup.parser
    [javac] /Users/sanjitkumar/personal_projects/CollegeIllinois/SoftwareEngineeringPrinciples/milestone3/project_repo/defects4j/Jsoup_7/Buggy-Version/src/test/java/org/jsoup/nodes/ErrorTest0.java:175: error: cannot find symbol
    [javac]         org.jsoup.parser.HtmlTreeBuilderState htmlTreeBuilderState2 = htmlTreeBuilder0.originalState();
    [javac]                         ^
    [javac]   symbol:   class HtmlTreeBuilderState
    [javac]   location: package org.jsoup.parser
    [javac] /Users/sanjitkumar/personal_projects/CollegeIllinois/SoftwareEngineeringPrinciples/milestone3/project_repo/defects4j/Jsoup_7/Buggy-Version/src/test/java/org/jsoup/nodes/ErrorTest0.java:184: error: cannot find symbol
    [javac]         org.jsoup.parser.HtmlTreeBuilder htmlTreeBuilder0 = new org.jsoup.parser.HtmlTreeBuilder();
    [javac]                         ^
    [javac]   symbol:   class HtmlTreeBuilder
    [javac]   location: package org.jsoup.parser
    [javac] /Users/sanjitkumar/personal_projects/CollegeIllinois/SoftwareEngineeringPrinciples/milestone3/project_repo/defects4j/Jsoup_7/Buggy-Version/src/test/java/org/jsoup/nodes/ErrorTest0.java:184: error: cannot find symbol
    [javac]         org.jsoup.parser.HtmlTreeBuilder htmlTreeBuilder0 = new org.jsoup.parser.HtmlTreeBuilder();
    [javac]                                                                                 ^
    [javac]   symbol:   class HtmlTreeBuilder
    [javac]   location: package org.jsoup.parser
    [javac] warning: /Library/Java/JavaVirtualMachines/jdk1.8.0_181.jdk/Contents/Home/lib/ct.sym(META-INF/sym/rt.jar/java/util/List.class): major version 52 is newer than 51, the highest major version supported by this compiler.
    [javac]   It is recommended that the compiler be upgraded.
    [javac] /Library/Java/JavaVirtualMachines/jdk1.8.0_181.jdk/Contents/Home/lib/ct.sym(META-INF/sym/rt.jar/java/util/List.class): warning: Cannot find annotation method 'value()' in type 'Profile+Annotation'
    [javac] /Users/sanjitkumar/personal_projects/CollegeIllinois/SoftwareEngineeringPrinciples/milestone3/project_repo/defects4j/Jsoup_7/Buggy-Version/src/test/java/org/jsoup/nodes/ErrorTest0.java:190: error: cannot find symbol
    [javac]         java.util.List<org.jsoup.nodes.Node> nodeList9 = document6.childNodesCopy();
    [javac]                                                                   ^
    [javac]   symbol:   method childNodesCopy()
    [javac]   location: variable document6 of type Document
    [javac] /Users/sanjitkumar/personal_projects/CollegeIllinois/SoftwareEngineeringPrinciples/milestone3/project_repo/defects4j/Jsoup_7/Buggy-Version/src/test/java/org/jsoup/nodes/ErrorTest0.java:191: error: cannot find symbol
    [javac]         boolean boolean10 = document6.hasParent();
    [javac]                                      ^
    [javac]   symbol:   method hasParent()
    [javac]   location: variable document6 of type Document
    [javac] /Users/sanjitkumar/personal_projects/CollegeIllinois/SoftwareEngineeringPrinciples/milestone3/project_repo/defects4j/Jsoup_7/Buggy-Version/src/test/java/org/jsoup/nodes/ErrorTest0.java:200: error: cannot find symbol
    [javac]         org.jsoup.parser.HtmlTreeBuilder htmlTreeBuilder0 = new org.jsoup.parser.HtmlTreeBuilder();
    [javac]                         ^
    [javac]   symbol:   class HtmlTreeBuilder
    [javac]   location: package org.jsoup.parser
    [javac] /Users/sanjitkumar/personal_projects/CollegeIllinois/SoftwareEngineeringPrinciples/milestone3/project_repo/defects4j/Jsoup_7/Buggy-Version/src/test/java/org/jsoup/nodes/ErrorTest0.java:200: error: cannot find symbol
    [javac]         org.jsoup.parser.HtmlTreeBuilder htmlTreeBuilder0 = new org.jsoup.parser.HtmlTreeBuilder();
    [javac]                                                                                 ^
    [javac]   symbol:   class HtmlTreeBuilder
    [javac]   location: package org.jsoup.parser
    [javac] /Users/sanjitkumar/personal_projects/CollegeIllinois/SoftwareEngineeringPrinciples/milestone3/project_repo/defects4j/Jsoup_7/Buggy-Version/src/test/java/org/jsoup/nodes/ErrorTest0.java:202: error: cannot find symbol
    [javac]         org.jsoup.parser.HtmlTreeBuilderState htmlTreeBuilderState2 = htmlTreeBuilder0.originalState();
    [javac]                         ^
    [javac]   symbol:   class HtmlTreeBuilderState
    [javac]   location: package org.jsoup.parser
    [javac] /Users/sanjitkumar/personal_projects/CollegeIllinois/SoftwareEngineeringPrinciples/milestone3/project_repo/defects4j/Jsoup_7/Buggy-Version/src/test/java/org/jsoup/nodes/ErrorTest0.java:205: error: cannot find symbol
    [javac]         org.jsoup.nodes.Document.QuirksMode quirksMode7 = document4.quirksMode();
    [javac]                                 ^
    [javac]   symbol:   class QuirksMode
    [javac]   location: class Document
    [javac] /Users/sanjitkumar/personal_projects/CollegeIllinois/SoftwareEngineeringPrinciples/milestone3/project_repo/defects4j/Jsoup_7/Buggy-Version/src/test/java/org/jsoup/nodes/ErrorTest0.java:205: error: cannot find symbol
    [javac]         org.jsoup.nodes.Document.QuirksMode quirksMode7 = document4.quirksMode();
    [javac]                                                                    ^
    [javac]   symbol:   method quirksMode()
    [javac]   location: variable document4 of type Document
    [javac] warning: /Library/Java/JavaVirtualMachines/jdk1.8.0_181.jdk/Contents/Home/lib/ct.sym(META-INF/sym/rt.jar/java/lang/StringBuilder.class): major version 52 is newer than 51, the highest major version supported by this compiler.
    [javac]   It is recommended that the compiler be upgraded.
    [javac] /Library/Java/JavaVirtualMachines/jdk1.8.0_181.jdk/Contents/Home/lib/ct.sym(META-INF/sym/rt.jar/java/lang/StringBuilder.class): warning: Cannot find annotation method 'value()' in type 'Profile+Annotation'
    [javac] /Users/sanjitkumar/personal_projects/CollegeIllinois/SoftwareEngineeringPrinciples/milestone3/project_repo/defects4j/Jsoup_7/Buggy-Version/src/test/java/org/jsoup/nodes/ErrorTest0.java:217: error: cannot find symbol
    [javac]         org.jsoup.parser.HtmlTreeBuilder htmlTreeBuilder0 = new org.jsoup.parser.HtmlTreeBuilder();
    [javac]                         ^
    [javac]   symbol:   class HtmlTreeBuilder
    [javac]   location: package org.jsoup.parser
    [javac] /Users/sanjitkumar/personal_projects/CollegeIllinois/SoftwareEngineeringPrinciples/milestone3/project_repo/defects4j/Jsoup_7/Buggy-Version/src/test/java/org/jsoup/nodes/ErrorTest0.java:217: error: cannot find symbol
    [javac]         org.jsoup.parser.HtmlTreeBuilder htmlTreeBuilder0 = new org.jsoup.parser.HtmlTreeBuilder();
    [javac]                                                                                 ^
    [javac]   symbol:   class HtmlTreeBuilder
    [javac]   location: package org.jsoup.parser
    [javac] /Users/sanjitkumar/personal_projects/CollegeIllinois/SoftwareEngineeringPrinciples/milestone3/project_repo/defects4j/Jsoup_7/Buggy-Version/src/test/java/org/jsoup/nodes/ErrorTest0.java:218: error: package org.jsoup.parser.Token does not exist
    [javac]         org.jsoup.parser.Token.EndTag endTag1 = new org.jsoup.parser.Token.EndTag();
    [javac]                               ^
    [javac] /Users/sanjitkumar/personal_projects/CollegeIllinois/SoftwareEngineeringPrinciples/milestone3/project_repo/defects4j/Jsoup_7/Buggy-Version/src/test/java/org/jsoup/nodes/ErrorTest0.java:218: error: package org.jsoup.parser.Token does not exist
    [javac]         org.jsoup.parser.Token.EndTag endTag1 = new org.jsoup.parser.Token.EndTag();
    [javac]                                                                           ^
    [javac] /Users/sanjitkumar/personal_projects/CollegeIllinois/SoftwareEngineeringPrinciples/milestone3/project_repo/defects4j/Jsoup_7/Buggy-Version/src/test/java/org/jsoup/nodes/ErrorTest0.java:220: error: package org.jsoup.parser.Token does not exist
    [javac]         org.jsoup.parser.Token.Tag tag3 = endTag1.reset();
    [javac]                               ^
    [javac] /Users/sanjitkumar/personal_projects/CollegeIllinois/SoftwareEngineeringPrinciples/milestone3/project_repo/defects4j/Jsoup_7/Buggy-Version/src/test/java/org/jsoup/nodes/ErrorTest0.java:222: error: cannot find symbol
    [javac]         org.jsoup.parser.HtmlTreeBuilderState htmlTreeBuilderState5 = org.jsoup.parser.HtmlTreeBuilderState.InColumnGroup;
    [javac]                         ^
    [javac]   symbol:   class HtmlTreeBuilderState
    [javac]   location: package org.jsoup.parser
    [javac] /Users/sanjitkumar/personal_projects/CollegeIllinois/SoftwareEngineeringPrinciples/milestone3/project_repo/defects4j/Jsoup_7/Buggy-Version/src/test/java/org/jsoup/nodes/ErrorTest0.java:222: error: cannot find symbol
    [javac]         org.jsoup.parser.HtmlTreeBuilderState htmlTreeBuilderState5 = org.jsoup.parser.HtmlTreeBuilderState.InColumnGroup;
    [javac]                                                                                       ^
    [javac]   symbol:   class HtmlTreeBuilderState
    [javac]   location: package org.jsoup.parser
    [javac] /Users/sanjitkumar/personal_projects/CollegeIllinois/SoftwareEngineeringPrinciples/milestone3/project_repo/defects4j/Jsoup_7/Buggy-Version/src/test/java/org/jsoup/nodes/ErrorTest0.java:224: error: cannot find symbol
    [javac]         boolean boolean6 = htmlTreeBuilder0.process((org.jsoup.parser.Token) tag3, htmlTreeBuilderState5);
    [javac]                                                                      ^
    [javac]   symbol:   class Token
    [javac]   location: package org.jsoup.parser
    [javac] /Users/sanjitkumar/personal_projects/CollegeIllinois/SoftwareEngineeringPrinciples/milestone3/project_repo/defects4j/Jsoup_7/Buggy-Version/src/test/java/org/jsoup/nodes/ErrorTest0.java:231: error: cannot find symbol
    [javac]         org.jsoup.parser.HtmlTreeBuilder htmlTreeBuilder0 = new org.jsoup.parser.HtmlTreeBuilder();
    [javac]                         ^
    [javac]   symbol:   class HtmlTreeBuilder
    [javac]   location: package org.jsoup.parser
    [javac] /Users/sanjitkumar/personal_projects/CollegeIllinois/SoftwareEngineeringPrinciples/milestone3/project_repo/defects4j/Jsoup_7/Buggy-Version/src/test/java/org/jsoup/nodes/ErrorTest0.java:231: error: cannot find symbol
    [javac]         org.jsoup.parser.HtmlTreeBuilder htmlTreeBuilder0 = new org.jsoup.parser.HtmlTreeBuilder();
    [javac]                                                                                 ^
    [javac]   symbol:   class HtmlTreeBuilder
    [javac]   location: package org.jsoup.parser
    [javac] /Users/sanjitkumar/personal_projects/CollegeIllinois/SoftwareEngineeringPrinciples/milestone3/project_repo/defects4j/Jsoup_7/Buggy-Version/src/test/java/org/jsoup/nodes/ErrorTest0.java:232: error: package org.jsoup.parser.Token does not exist
    [javac]         org.jsoup.parser.Token.EndTag endTag1 = new org.jsoup.parser.Token.EndTag();
    [javac]                               ^
    [javac] /Users/sanjitkumar/personal_projects/CollegeIllinois/SoftwareEngineeringPrinciples/milestone3/project_repo/defects4j/Jsoup_7/Buggy-Version/src/test/java/org/jsoup/nodes/ErrorTest0.java:232: error: package org.jsoup.parser.Token does not exist
    [javac]         org.jsoup.parser.Token.EndTag endTag1 = new org.jsoup.parser.Token.EndTag();
    [javac]                                                                           ^
    [javac] /Users/sanjitkumar/personal_projects/CollegeIllinois/SoftwareEngineeringPrinciples/milestone3/project_repo/defects4j/Jsoup_7/Buggy-Version/src/test/java/org/jsoup/nodes/ErrorTest0.java:236: error: cannot find symbol
    [javac]         boolean boolean5 = htmlTreeBuilder0.process((org.jsoup.parser.Token) endTag1);
    [javac]                                                                      ^
    [javac]   symbol:   class Token
    [javac]   location: package org.jsoup.parser
    [javac] /Users/sanjitkumar/personal_projects/CollegeIllinois/SoftwareEngineeringPrinciples/milestone3/project_repo/defects4j/Jsoup_7/Buggy-Version/src/test/java/org/jsoup/nodes/ErrorTest0.java:243: error: cannot find symbol
    [javac]         org.jsoup.parser.HtmlTreeBuilder htmlTreeBuilder0 = new org.jsoup.parser.HtmlTreeBuilder();
    [javac]                         ^
    [javac]   symbol:   class HtmlTreeBuilder
    [javac]   location: package org.jsoup.parser
    [javac] /Users/sanjitkumar/personal_projects/CollegeIllinois/SoftwareEngineeringPrinciples/milestone3/project_repo/defects4j/Jsoup_7/Buggy-Version/src/test/java/org/jsoup/nodes/ErrorTest0.java:243: error: cannot find symbol
    [javac]         org.jsoup.parser.HtmlTreeBuilder htmlTreeBuilder0 = new org.jsoup.parser.HtmlTreeBuilder();
    [javac]                                                                                 ^
    [javac]   symbol:   class HtmlTreeBuilder
    [javac]   location: package org.jsoup.parser
    [javac] /Users/sanjitkumar/personal_projects/CollegeIllinois/SoftwareEngineeringPrinciples/milestone3/project_repo/defects4j/Jsoup_7/Buggy-Version/src/test/java/org/jsoup/nodes/ErrorTest0.java:245: error: cannot find symbol
    [javac]         org.jsoup.nodes.FormElement formElement2 = htmlTreeBuilder0.getFormElement();
    [javac]                        ^
    [javac]   symbol:   class FormElement
    [javac]   location: package org.jsoup.nodes
    [javac] /Users/sanjitkumar/personal_projects/CollegeIllinois/SoftwareEngineeringPrinciples/milestone3/project_repo/defects4j/Jsoup_7/Buggy-Version/src/test/java/org/jsoup/nodes/ErrorTest0.java:254: error: constructor TextNode in class TextNode cannot be applied to given types;
    [javac]         org.jsoup.nodes.TextNode textNode1 = new org.jsoup.nodes.TextNode("*");
    [javac]                                              ^
    [javac]   required: String,String
    [javac]   found: String
    [javac]   reason: actual and formal argument lists differ in length
    [javac] /Users/sanjitkumar/personal_projects/CollegeIllinois/SoftwareEngineeringPrinciples/milestone3/project_repo/defects4j/Jsoup_7/Buggy-Version/src/test/java/org/jsoup/nodes/ErrorTest0.java:256: error: cannot find symbol
    [javac]         org.jsoup.nodes.Node node3 = textNode1.wrap(":matchesOwn(null)");
    [javac]                                               ^
    [javac]   symbol:   method wrap(String)
    [javac]   location: variable textNode1 of type TextNode
    [javac] /Users/sanjitkumar/personal_projects/CollegeIllinois/SoftwareEngineeringPrinciples/milestone3/project_repo/defects4j/Jsoup_7/Buggy-Version/src/test/java/org/jsoup/nodes/ErrorTest0.java:263: error: cannot find symbol
    [javac]         org.jsoup.parser.HtmlTreeBuilder htmlTreeBuilder0 = new org.jsoup.parser.HtmlTreeBuilder();
    [javac]                         ^
    [javac]   symbol:   class HtmlTreeBuilder
    [javac]   location: package org.jsoup.parser
    [javac] /Users/sanjitkumar/personal_projects/CollegeIllinois/SoftwareEngineeringPrinciples/milestone3/project_repo/defects4j/Jsoup_7/Buggy-Version/src/test/java/org/jsoup/nodes/ErrorTest0.java:263: error: cannot find symbol
    [javac]         org.jsoup.parser.HtmlTreeBuilder htmlTreeBuilder0 = new org.jsoup.parser.HtmlTreeBuilder();
    [javac]                                                                                 ^
    [javac]   symbol:   class HtmlTreeBuilder
    [javac]   location: package org.jsoup.parser
    [javac] /Users/sanjitkumar/personal_projects/CollegeIllinois/SoftwareEngineeringPrinciples/milestone3/project_repo/defects4j/Jsoup_7/Buggy-Version/src/test/java/org/jsoup/nodes/ErrorTest0.java:274: error: cannot find symbol
    [javac]         org.jsoup.parser.HtmlTreeBuilder htmlTreeBuilder0 = new org.jsoup.parser.HtmlTreeBuilder();
    [javac]                         ^
    [javac]   symbol:   class HtmlTreeBuilder
    [javac]   location: package org.jsoup.parser
    [javac] /Users/sanjitkumar/personal_projects/CollegeIllinois/SoftwareEngineeringPrinciples/milestone3/project_repo/defects4j/Jsoup_7/Buggy-Version/src/test/java/org/jsoup/nodes/ErrorTest0.java:274: error: cannot find symbol
    [javac]         org.jsoup.parser.HtmlTreeBuilder htmlTreeBuilder0 = new org.jsoup.parser.HtmlTreeBuilder();
    [javac]                                                                                 ^
    [javac]   symbol:   class HtmlTreeBuilder
    [javac]   location: package org.jsoup.parser
    [javac] /Users/sanjitkumar/personal_projects/CollegeIllinois/SoftwareEngineeringPrinciples/milestone3/project_repo/defects4j/Jsoup_7/Buggy-Version/src/test/java/org/jsoup/nodes/ErrorTest0.java:275: error: package org.jsoup.select.Evaluator does not exist
    [javac]         org.jsoup.select.Evaluator.IsNthLastOfType isNthLastOfType3 = new org.jsoup.select.Evaluator.IsNthLastOfType((int) (short) -1, (int) (short) 1);
    [javac]                                   ^
    [javac] /Users/sanjitkumar/personal_projects/CollegeIllinois/SoftwareEngineeringPrinciples/milestone3/project_repo/defects4j/Jsoup_7/Buggy-Version/src/test/java/org/jsoup/nodes/ErrorTest0.java:275: error: package org.jsoup.select.Evaluator does not exist
    [javac]         org.jsoup.select.Evaluator.IsNthLastOfType isNthLastOfType3 = new org.jsoup.select.Evaluator.IsNthLastOfType((int) (short) -1, (int) (short) 1);
    [javac]                                                                                                     ^
    [javac] /Users/sanjitkumar/personal_projects/CollegeIllinois/SoftwareEngineeringPrinciples/milestone3/project_repo/defects4j/Jsoup_7/Buggy-Version/src/test/java/org/jsoup/nodes/ErrorTest0.java:277: error: cannot find symbol
    [javac]         org.jsoup.select.Elements elements6 = org.jsoup.select.Selector.select((org.jsoup.select.Evaluator) isNthLastOfType3, (org.jsoup.nodes.Element) document5);
    [javac]                                                                                                 ^
    [javac]   symbol:   class Evaluator
    [javac]   location: package org.jsoup.select
    [javac] /Users/sanjitkumar/personal_projects/CollegeIllinois/SoftwareEngineeringPrinciples/milestone3/project_repo/defects4j/Jsoup_7/Buggy-Version/src/test/java/org/jsoup/nodes/ErrorTest0.java:287: error: cannot find symbol
    [javac]         org.jsoup.parser.HtmlTreeBuilder htmlTreeBuilder0 = new org.jsoup.parser.HtmlTreeBuilder();
    [javac]                         ^
    [javac]   symbol:   class HtmlTreeBuilder
    [javac]   location: package org.jsoup.parser
    [javac] /Users/sanjitkumar/personal_projects/CollegeIllinois/SoftwareEngineeringPrinciples/milestone3/project_repo/defects4j/Jsoup_7/Buggy-Version/src/test/java/org/jsoup/nodes/ErrorTest0.java:287: error: cannot find symbol
    [javac]         org.jsoup.parser.HtmlTreeBuilder htmlTreeBuilder0 = new org.jsoup.parser.HtmlTreeBuilder();
    [javac]                                                                                 ^
    [javac]   symbol:   class HtmlTreeBuilder
    [javac]   location: package org.jsoup.parser
    [javac] /Users/sanjitkumar/personal_projects/CollegeIllinois/SoftwareEngineeringPrinciples/milestone3/project_repo/defects4j/Jsoup_7/Buggy-Version/src/test/java/org/jsoup/nodes/ErrorTest0.java:289: error: cannot find symbol
    [javac]         org.jsoup.parser.HtmlTreeBuilderState htmlTreeBuilderState2 = htmlTreeBuilder0.originalState();
    [javac]                         ^
    [javac]   symbol:   class HtmlTreeBuilderState
    [javac]   location: package org.jsoup.parser
    [javac] /Users/sanjitkumar/personal_projects/CollegeIllinois/SoftwareEngineeringPrinciples/milestone3/project_repo/defects4j/Jsoup_7/Buggy-Version/src/test/java/org/jsoup/nodes/ErrorTest0.java:298: error: cannot find symbol
    [javac]         org.jsoup.parser.HtmlTreeBuilder htmlTreeBuilder0 = new org.jsoup.parser.HtmlTreeBuilder();
    [javac]                         ^
    [javac]   symbol:   class HtmlTreeBuilder
    [javac]   location: package org.jsoup.parser
    [javac] /Users/sanjitkumar/personal_projects/CollegeIllinois/SoftwareEngineeringPrinciples/milestone3/project_repo/defects4j/Jsoup_7/Buggy-Version/src/test/java/org/jsoup/nodes/ErrorTest0.java:298: error: cannot find symbol
    [javac]         org.jsoup.parser.HtmlTreeBuilder htmlTreeBuilder0 = new org.jsoup.parser.HtmlTreeBuilder();
    [javac]                                                                                 ^
    [javac]   symbol:   class HtmlTreeBuilder
    [javac]   location: package org.jsoup.parser
    [javac] /Users/sanjitkumar/personal_projects/CollegeIllinois/SoftwareEngineeringPrinciples/milestone3/project_repo/defects4j/Jsoup_7/Buggy-Version/src/test/java/org/jsoup/nodes/ErrorTest0.java:300: error: cannot find symbol
    [javac]         org.jsoup.parser.HtmlTreeBuilderState htmlTreeBuilderState2 = htmlTreeBuilder0.originalState();
    [javac]                         ^
    [javac]   symbol:   class HtmlTreeBuilderState
    [javac]   location: package org.jsoup.parser
    [javac] /Users/sanjitkumar/personal_projects/CollegeIllinois/SoftwareEngineeringPrinciples/milestone3/project_repo/defects4j/Jsoup_7/Buggy-Version/src/test/java/org/jsoup/nodes/ErrorTest0.java:301: error: package org.jsoup.select.Evaluator does not exist
    [javac]         org.jsoup.select.Evaluator.IsEmpty isEmpty3 = new org.jsoup.select.Evaluator.IsEmpty();
    [javac]                                   ^
    [javac] /Users/sanjitkumar/personal_projects/CollegeIllinois/SoftwareEngineeringPrinciples/milestone3/project_repo/defects4j/Jsoup_7/Buggy-Version/src/test/java/org/jsoup/nodes/ErrorTest0.java:301: error: package org.jsoup.select.Evaluator does not exist
    [javac]         org.jsoup.select.Evaluator.IsEmpty isEmpty3 = new org.jsoup.select.Evaluator.IsEmpty();
    [javac]                                                                                     ^
    [javac] warning: /Library/Java/JavaVirtualMachines/jdk1.8.0_181.jdk/Contents/Home/lib/ct.sym(META-INF/sym/rt.jar/java/lang/Integer.class): major version 52 is newer than 51, the highest major version supported by this compiler.
    [javac]   It is recommended that the compiler be upgraded.
    [javac] /Library/Java/JavaVirtualMachines/jdk1.8.0_181.jdk/Contents/Home/lib/ct.sym(META-INF/sym/rt.jar/java/lang/Integer.class): warning: Cannot find annotation method 'value()' in type 'Profile+Annotation'
    [javac] warning: /Library/Java/JavaVirtualMachines/jdk1.8.0_181.jdk/Contents/Home/lib/ct.sym(META-INF/sym/rt.jar/java/lang/Character.class): major version 52 is newer than 51, the highest major version supported by this compiler.
    [javac]   It is recommended that the compiler be upgraded.
    [javac] /Library/Java/JavaVirtualMachines/jdk1.8.0_181.jdk/Contents/Home/lib/ct.sym(META-INF/sym/rt.jar/java/lang/Character.class): warning: Cannot find annotation method 'value()' in type 'Profile+Annotation'
    [javac] warning: /Library/Java/JavaVirtualMachines/jdk1.8.0_181.jdk/Contents/Home/lib/ct.sym(META-INF/sym/rt.jar/java/lang/Short.class): major version 52 is newer than 51, the highest major version supported by this compiler.
    [javac]   It is recommended that the compiler be upgraded.
    [javac] /Library/Java/JavaVirtualMachines/jdk1.8.0_181.jdk/Contents/Home/lib/ct.sym(META-INF/sym/rt.jar/java/lang/Short.class): warning: Cannot find annotation method 'value()' in type 'Profile+Annotation'
    [javac] /Users/sanjitkumar/personal_projects/CollegeIllinois/SoftwareEngineeringPrinciples/milestone3/project_repo/defects4j/Jsoup_7/Buggy-Version/src/test/java/org/jsoup/nodes/ErrorTest0.java:310: error: cannot find symbol
    [javac]         org.jsoup.nodes.Element element17 = element7.appendTo((org.jsoup.nodes.Element) document12);
    [javac]                                                     ^
    [javac]   symbol:   method appendTo(Element)
    [javac]   location: variable element7 of type Element
    [javac] /Users/sanjitkumar/personal_projects/CollegeIllinois/SoftwareEngineeringPrinciples/milestone3/project_repo/defects4j/Jsoup_7/Buggy-Version/src/test/java/org/jsoup/nodes/ErrorTest0.java:311: error: cannot find symbol
    [javac]         org.jsoup.parser.XmlTreeBuilder xmlTreeBuilder18 = new org.jsoup.parser.XmlTreeBuilder();
    [javac]                         ^
    [javac]   symbol:   class XmlTreeBuilder
    [javac]   location: package org.jsoup.parser
    [javac] /Users/sanjitkumar/personal_projects/CollegeIllinois/SoftwareEngineeringPrinciples/milestone3/project_repo/defects4j/Jsoup_7/Buggy-Version/src/test/java/org/jsoup/nodes/ErrorTest0.java:311: error: cannot find symbol
    [javac]         org.jsoup.parser.XmlTreeBuilder xmlTreeBuilder18 = new org.jsoup.parser.XmlTreeBuilder();
    [javac]                                                                                ^
    [javac]   symbol:   class XmlTreeBuilder
    [javac]   location: package org.jsoup.parser
    [javac] /Users/sanjitkumar/personal_projects/CollegeIllinois/SoftwareEngineeringPrinciples/milestone3/project_repo/defects4j/Jsoup_7/Buggy-Version/src/test/java/org/jsoup/nodes/ErrorTest0.java:317: error: cannot find symbol
    [javac]         org.jsoup.parser.XmlTreeBuilder xmlTreeBuilder30 = new org.jsoup.parser.XmlTreeBuilder();
    [javac]                         ^
    [javac]   symbol:   class XmlTreeBuilder
    [javac]   location: package org.jsoup.parser
    [javac] /Users/sanjitkumar/personal_projects/CollegeIllinois/SoftwareEngineeringPrinciples/milestone3/project_repo/defects4j/Jsoup_7/Buggy-Version/src/test/java/org/jsoup/nodes/ErrorTest0.java:317: error: cannot find symbol
    [javac]         org.jsoup.parser.XmlTreeBuilder xmlTreeBuilder30 = new org.jsoup.parser.XmlTreeBuilder();
    [javac]                                                                                ^
    [javac]   symbol:   class XmlTreeBuilder
    [javac]   location: package org.jsoup.parser
    [javac] warning: /Library/Java/JavaVirtualMachines/jdk1.8.0_181.jdk/Contents/Home/lib/ct.sym(META-INF/sym/rt.jar/java/util/Collection.class): major version 52 is newer than 51, the highest major version supported by this compiler.
    [javac]   It is recommended that the compiler be upgraded.
    [javac] /Library/Java/JavaVirtualMachines/jdk1.8.0_181.jdk/Contents/Home/lib/ct.sym(META-INF/sym/rt.jar/java/util/Collection.class): warning: Cannot find annotation method 'value()' in type 'Profile+Annotation'
    [javac] warning: /Library/Java/JavaVirtualMachines/jdk1.8.0_181.jdk/Contents/Home/lib/ct.sym(META-INF/sym/rt.jar/java/util/AbstractList.class): major version 52 is newer than 51, the highest major version supported by this compiler.
    [javac]   It is recommended that the compiler be upgraded.
    [javac] /Library/Java/JavaVirtualMachines/jdk1.8.0_181.jdk/Contents/Home/lib/ct.sym(META-INF/sym/rt.jar/java/util/AbstractList.class): warning: Cannot find annotation method 'value()' in type 'Profile+Annotation'
    [javac] warning: /Library/Java/JavaVirtualMachines/jdk1.8.0_181.jdk/Contents/Home/lib/ct.sym(META-INF/sym/rt.jar/java/util/AbstractCollection.class): major version 52 is newer than 51, the highest major version supported by this compiler.
    [javac]   It is recommended that the compiler be upgraded.
    [javac] /Library/Java/JavaVirtualMachines/jdk1.8.0_181.jdk/Contents/Home/lib/ct.sym(META-INF/sym/rt.jar/java/util/AbstractCollection.class): warning: Cannot find annotation method 'value()' in type 'Profile+Annotation'
    [javac] warning: /Library/Java/JavaVirtualMachines/jdk1.8.0_181.jdk/Contents/Home/lib/ct.sym(META-INF/sym/rt.jar/java/util/Collections.class): major version 52 is newer than 51, the highest major version supported by this compiler.
    [javac]   It is recommended that the compiler be upgraded.
    [javac] /Library/Java/JavaVirtualMachines/jdk1.8.0_181.jdk/Contents/Home/lib/ct.sym(META-INF/sym/rt.jar/java/util/Collections.class): warning: Cannot find annotation method 'value()' in type 'Profile+Annotation'
    [javac] warning: /Library/Java/JavaVirtualMachines/jdk1.8.0_181.jdk/Contents/Home/lib/ct.sym(META-INF/sym/rt.jar/java/util/Spliterator.class): major version 52 is newer than 51, the highest major version supported by this compiler.
    [javac]   It is recommended that the compiler be upgraded.
    [javac] /Library/Java/JavaVirtualMachines/jdk1.8.0_181.jdk/Contents/Home/lib/ct.sym(META-INF/sym/rt.jar/java/util/Spliterator.class): warning: Cannot find annotation method 'value()' in type 'Profile+Annotation'
    [javac] /Users/sanjitkumar/personal_projects/CollegeIllinois/SoftwareEngineeringPrinciples/milestone3/project_repo/defects4j/Jsoup_7/Buggy-Version/src/test/java/org/jsoup/nodes/ErrorTest0.java:328: error: cannot find symbol
    [javac]         java.util.Spliterator<org.jsoup.nodes.Element> elementSpliterator47 = elements46.spliterator();
    [javac]                                                                                         ^
    [javac]   symbol:   method spliterator()
    [javac]   location: variable elements46 of type Elements
    [javac] /Users/sanjitkumar/personal_projects/CollegeIllinois/SoftwareEngineeringPrinciples/milestone3/project_repo/defects4j/Jsoup_7/Buggy-Version/src/test/java/org/jsoup/nodes/ErrorTest0.java:341: error: cannot find symbol
    [javac]         org.jsoup.parser.HtmlTreeBuilder htmlTreeBuilder0 = new org.jsoup.parser.HtmlTreeBuilder();
    [javac]                         ^
    [javac]   symbol:   class HtmlTreeBuilder
    [javac]   location: package org.jsoup.parser
    [javac] /Users/sanjitkumar/personal_projects/CollegeIllinois/SoftwareEngineeringPrinciples/milestone3/project_repo/defects4j/Jsoup_7/Buggy-Version/src/test/java/org/jsoup/nodes/ErrorTest0.java:341: error: cannot find symbol
    [javac]         org.jsoup.parser.HtmlTreeBuilder htmlTreeBuilder0 = new org.jsoup.parser.HtmlTreeBuilder();
    [javac]                                                                                 ^
    [javac]   symbol:   class HtmlTreeBuilder
    [javac]   location: package org.jsoup.parser
    [javac] /Users/sanjitkumar/personal_projects/CollegeIllinois/SoftwareEngineeringPrinciples/milestone3/project_repo/defects4j/Jsoup_7/Buggy-Version/src/test/java/org/jsoup/nodes/ErrorTest0.java:353: error: cannot find symbol
    [javac]         org.jsoup.nodes.Document.QuirksMode quirksMode4 = document1.quirksMode();
    [javac]                                 ^
    [javac]   symbol:   class QuirksMode
    [javac]   location: class Document
    [javac] /Users/sanjitkumar/personal_projects/CollegeIllinois/SoftwareEngineeringPrinciples/milestone3/project_repo/defects4j/Jsoup_7/Buggy-Version/src/test/java/org/jsoup/nodes/ErrorTest0.java:353: error: cannot find symbol
    [javac]         org.jsoup.nodes.Document.QuirksMode quirksMode4 = document1.quirksMode();
    [javac]                                                                    ^
    [javac]   symbol:   method quirksMode()
    [javac]   location: variable document1 of type Document
    [javac] warning: /Library/Java/JavaVirtualMachines/jdk1.8.0_181.jdk/Contents/Home/lib/ct.sym(META-INF/sym/rt.jar/java/util/regex/Pattern.class): major version 52 is newer than 51, the highest major version supported by this compiler.
    [javac]   It is recommended that the compiler be upgraded.
    [javac] /Library/Java/JavaVirtualMachines/jdk1.8.0_181.jdk/Contents/Home/lib/ct.sym(META-INF/sym/rt.jar/java/util/regex/Pattern.class): warning: Cannot find annotation method 'value()' in type 'Profile+Annotation'
    [javac] /Users/sanjitkumar/personal_projects/CollegeIllinois/SoftwareEngineeringPrinciples/milestone3/project_repo/defects4j/Jsoup_7/Buggy-Version/src/test/java/org/jsoup/nodes/ErrorTest0.java:364: error: cannot find symbol
    [javac]         org.jsoup.parser.HtmlTreeBuilder htmlTreeBuilder0 = new org.jsoup.parser.HtmlTreeBuilder();
    [javac]                         ^
    [javac]   symbol:   class HtmlTreeBuilder
    [javac]   location: package org.jsoup.parser
    [javac] /Users/sanjitkumar/personal_projects/CollegeIllinois/SoftwareEngineeringPrinciples/milestone3/project_repo/defects4j/Jsoup_7/Buggy-Version/src/test/java/org/jsoup/nodes/ErrorTest0.java:364: error: cannot find symbol
    [javac]         org.jsoup.parser.HtmlTreeBuilder htmlTreeBuilder0 = new org.jsoup.parser.HtmlTreeBuilder();
    [javac]                                                                                 ^
    [javac]   symbol:   class HtmlTreeBuilder
    [javac]   location: package org.jsoup.parser
    [javac] /Users/sanjitkumar/personal_projects/CollegeIllinois/SoftwareEngineeringPrinciples/milestone3/project_repo/defects4j/Jsoup_7/Buggy-Version/src/test/java/org/jsoup/nodes/ErrorTest0.java:374: error: cannot find symbol
    [javac]         org.jsoup.parser.HtmlTreeBuilder htmlTreeBuilder0 = new org.jsoup.parser.HtmlTreeBuilder();
    [javac]                         ^
    [javac]   symbol:   class HtmlTreeBuilder
    [javac]   location: package org.jsoup.parser
    [javac] /Users/sanjitkumar/personal_projects/CollegeIllinois/SoftwareEngineeringPrinciples/milestone3/project_repo/defects4j/Jsoup_7/Buggy-Version/src/test/java/org/jsoup/nodes/ErrorTest0.java:374: error: cannot find symbol
    [javac]         org.jsoup.parser.HtmlTreeBuilder htmlTreeBuilder0 = new org.jsoup.parser.HtmlTreeBuilder();
    [javac]                                                                                 ^
    [javac]   symbol:   class HtmlTreeBuilder
    [javac]   location: package org.jsoup.parser
    [javac] /Users/sanjitkumar/personal_projects/CollegeIllinois/SoftwareEngineeringPrinciples/milestone3/project_repo/defects4j/Jsoup_7/Buggy-Version/src/test/java/org/jsoup/nodes/ErrorTest0.java:384: error: cannot find symbol
    [javac]         org.jsoup.parser.HtmlTreeBuilder htmlTreeBuilder0 = new org.jsoup.parser.HtmlTreeBuilder();
    [javac]                         ^
    [javac]   symbol:   class HtmlTreeBuilder
    [javac]   location: package org.jsoup.parser
    [javac] warning: /Library/Java/JavaVirtualMachines/jdk1.8.0_181.jdk/Contents/Home/lib/ct.sym(META-INF/sym/rt.jar/java/lang/Boolean.class): major version 52 is newer than 51, the highest major version supported by this compiler.
    [javac]   It is recommended that the compiler be upgraded.
    [javac] /Library/Java/JavaVirtualMachines/jdk1.8.0_181.jdk/Contents/Home/lib/ct.sym(META-INF/sym/rt.jar/java/lang/Boolean.class): warning: Cannot find annotation method 'value()' in type 'Profile+Annotation'
    [javac] warning: /Library/Java/JavaVirtualMachines/jdk1.8.0_181.jdk/Contents/Home/lib/ct.sym(META-INF/sym/rt.jar/java/util/Set.class): major version 52 is newer than 51, the highest major version supported by this compiler.
    [javac]   It is recommended that the compiler be upgraded.
    [javac] /Library/Java/JavaVirtualMachines/jdk1.8.0_181.jdk/Contents/Home/lib/ct.sym(META-INF/sym/rt.jar/java/util/Set.class): warning: Cannot find annotation method 'value()' in type 'Profile+Annotation'
    [javac] warning: /Library/Java/JavaVirtualMachines/jdk1.8.0_181.jdk/Contents/Home/lib/ct.sym(META-INF/sym/rt.jar/java/util/Iterator.class): major version 52 is newer than 51, the highest major version supported by this compiler.
    [javac]   It is recommended that the compiler be upgraded.
    [javac] /Library/Java/JavaVirtualMachines/jdk1.8.0_181.jdk/Contents/Home/lib/ct.sym(META-INF/sym/rt.jar/java/util/Iterator.class): warning: Cannot find annotation method 'value()' in type 'Profile+Annotation'
    [javac] 100 errors
    [javac] 69 warnings

BUILD FAILED
/Users/sanjitkumar/personal_projects/CollegeIllinois/SoftwareEngineeringPrinciples/milestone3/project_repo/defects4j/Jsoup_7/Buggy-Version/maven-build.xml:100: Compile failed; see the compiler error output for details.

Total time: 2 seconds
Cannot compile test suite! at /Users/sanjitkumar/personal_projects/CollegeIllinois/SoftwareEngineeringPrinciples/milestone1/defects4j/framework/bin/d4j/d4j-test line 134.
Compilation failed in require at /Users/sanjitkumar/personal_projects/CollegeIllinois/SoftwareEngineeringPrinciples/milestone1/defects4j/framework/bin/defects4j line 195.
